Using pre-set license
Built from '2020.3/staging' branch; Version is '2020.3.21f1 (a38c86f6690f) revision 10718342'; Using compiler version '192528614'; Build Type 'Release'
OS: 'Windows 10 Pro; OS build 19042.1348; Version 2009; 64bit' Language: 'de' Physical Memory: 16312 MB
BatchMode: 1, IsHumanControllingUs: 0, StartBugReporterOnCrash: 0, Is64bit: 1, IsPro: 0

COMMAND LINE ARGUMENTS:
C:\Program Files\Unity\Hub\Editor\2020.3.21f1\Editor\Unity.exe
-adb2
-batchMode
-noUpm
-name
AssetImportWorker0
-projectPath
C:/Users/birne/Documents/Unity_Project/PlanetGenerator
-logFile
Logs/AssetImportWorker0.log
-srvPort
58650
Successfully changed project path to: C:/Users/birne/Documents/Unity_Project/PlanetGenerator
C:/Users/birne/Documents/Unity_Project/PlanetGenerator
Using Asset Import Pipeline V2.
Refreshing native plugins compatible for Editor in 54.79 ms, found 2 plugins.
Preloading 0 native plugins for Editor in 0.00 ms.
Initialize engine version: 2020.3.21f1 (a38c86f6690f)
[Subsystems] Discovering subsystems at path C:/Program Files/Unity/Hub/Editor/2020.3.21f1/Editor/Data/Resources/UnitySubsystems
[Subsystems] Discovering subsystems at path C:/Users/birne/Documents/Unity_Project/PlanetGenerator/Assets
GfxDevice: creating device client; threaded=0
Direct3D:
    Version:  Direct3D 11.0 [level 11.1]
    Renderer: NVIDIA GeForce GTX 1650 SUPER (ID=0x2187)
    Vendor:   
    VRAM:     3955 MB
    Driver:   27.21.14.5671
Initialize mono
Mono path[0] = 'C:/Program Files/Unity/Hub/Editor/2020.3.21f1/Editor/Data/Managed'
Mono path[1] = 'C:/Program Files/Unity/Hub/Editor/2020.3.21f1/Editor/Data/MonoBleedingEdge/lib/mono/unityjit'
Mono config path = 'C:/Program Files/Unity/Hub/Editor/2020.3.21f1/Editor/Data/MonoBleedingEdge/etc'
Using monoOptions --debugger-agent=transport=dt_socket,embedding=1,server=y,suspend=n,address=127.0.0.1:56796
Begin MonoManager ReloadAssembly
Registering precompiled unity dll's ...
Register platform support module: C:/Program Files/Unity/Hub/Editor/2020.3.21f1/Editor/Data/PlaybackEngines/WebGLSupport/UnityEditor.WebGL.Extensions.dll
Register platform support module: C:/Program Files/Unity/Hub/Editor/2020.3.21f1/Editor/Data/PlaybackEngines/WindowsStandaloneSupport/UnityEditor.WindowsStandalone.Extensions.dll
Registered in 0.002683 seconds.
Native extension for WindowsStandalone target not found
Native extension for WebGL target not found
Refreshing native plugins compatible for Editor in 53.08 ms, found 2 plugins.
Preloading 0 native plugins for Editor in 0.00 ms.
Mono: successfully reloaded assembly
- Completed reload, in  2.144 seconds
Domain Reload Profiling:
	ReloadAssembly (2144ms)
		BeginReloadAssembly (58ms)
			ExecutionOrderSort (0ms)
			DisableScriptedObjects (0ms)
			BackupInstance (0ms)
			ReleaseScriptingObjects (0ms)
			CreateAndSetChildDomain (1ms)
		EndReloadAssembly (481ms)
			LoadAssemblies (56ms)
			RebuildTransferFunctionScriptingTraits (0ms)
			SetupTypeCache (155ms)
			ReleaseScriptCaches (0ms)
			RebuildScriptCaches (31ms)
			SetupLoadedEditorAssemblies (191ms)
				LogAssemblyErrors (0ms)
				InitializePlatformSupportModulesInManaged (5ms)
				SetLoadedEditorAssemblies (0ms)
				RefreshPlugins (53ms)
				BeforeProcessingInitializeOnLoad (17ms)
				ProcessInitializeOnLoadAttributes (85ms)
				ProcessInitializeOnLoadMethodAttributes (29ms)
				AfterProcessingInitializeOnLoad (0ms)
				EditorAssembliesLoaded (0ms)
			ExecutionOrderSort2 (0ms)
			AwakeInstancesAfterBackupRestoration (0ms)
Platform modules already initialized, skipping
Registering precompiled user dll's ...
Registered in 0.005583 seconds.
Begin MonoManager ReloadAssembly
Native extension for WindowsStandalone target not found
Native extension for WebGL target not found
Refreshing native plugins compatible for Editor in 53.70 ms, found 2 plugins.
Preloading 0 native plugins for Editor in 0.00 ms.
Mono: successfully reloaded assembly
- Completed reload, in  1.238 seconds
Domain Reload Profiling:
	ReloadAssembly (1239ms)
		BeginReloadAssembly (158ms)
			ExecutionOrderSort (0ms)
			DisableScriptedObjects (5ms)
			BackupInstance (0ms)
			ReleaseScriptingObjects (0ms)
			CreateAndSetChildDomain (18ms)
		EndReloadAssembly (1009ms)
			LoadAssemblies (97ms)
			RebuildTransferFunctionScriptingTraits (0ms)
			SetupTypeCache (337ms)
			ReleaseScriptCaches (1ms)
			RebuildScriptCaches (52ms)
			SetupLoadedEditorAssemblies (385ms)
				LogAssemblyErrors (0ms)
				InitializePlatformSupportModulesInManaged (5ms)
				SetLoadedEditorAssemblies (0ms)
				RefreshPlugins (54ms)
				BeforeProcessingInitializeOnLoad (93ms)
				ProcessInitializeOnLoadAttributes (216ms)
				ProcessInitializeOnLoadMethodAttributes (9ms)
				AfterProcessingInitializeOnLoad (8ms)
				EditorAssembliesLoaded (0ms)
			ExecutionOrderSort2 (0ms)
			AwakeInstancesAfterBackupRestoration (7ms)
Platform modules already initialized, skipping
========================================================================
Worker process is ready to serve import requests
Launched and connected shader compiler UnityShaderCompiler.exe after 0.05 seconds
Refreshing native plugins compatible for Editor in 0.62 ms, found 2 plugins.
Preloading 0 native plugins for Editor in 0.00 ms.
Unloading 2811 Unused Serialized files (Serialized files now loaded: 0)
System memory in use before: 126.6 MB.
System memory in use after: 126.8 MB.

Unloading 20 unused Assets to reduce memory usage. Loaded Objects now: 3244.
Total: 3.635800 ms (FindLiveObjects: 0.276200 ms CreateObjectMapping: 0.080700 ms MarkObjects: 3.198600 ms  DeleteObjects: 0.079000 ms)

AssetImportParameters requested are different than current active one (requested -> active):
  custom:framework-win-MediaFoundation: 216162199b28c13a410421893ffa2e32 -> 
  custom:video-decoder-ogg-theora: a1e56fd34408186e4bbccfd4996cb3dc -> 
  custom:container-muxer-webm: aa71ff27fc2769a1b78a27578f13a17b -> 
  custom:container-demuxer-webm: 4f35f7cbe854078d1ac9338744f61a02 -> 
  custom:container-demuxer-ogg: 62fdf1f143b41e24485cea50d1cbac27 -> 
  custom:video-encoder-webm-vp8: eb34c28f22e8b96e1ab97ce403110664 -> 
  custom:video-decoder-webm-vp8: 9c59270c3fd7afecdb556c50c9e8de78 -> 
  custom:audio-decoder-ogg-vorbis: bf7c407c2cedff20999df2af8eb42d56 -> 
  custom:audio-encoder-webm-vorbis: bf7c407c2cedff20999df2af8eb42d56 -> 
========================================================================
Received Import Request.
  path: Assets/Settings/OceanSettings.asset
  artifactKey: Guid(afbd0d54861a24d4e9a7e1485edebca1) Importer(815301076,1909f56bfc062723c751e8b465ee728b)
Start importing Assets/Settings/OceanSettings.asset using Guid(afbd0d54861a24d4e9a7e1485edebca1) Importer(815301076,1909f56bfc062723c751e8b465ee728b)  -> (artifact id: '3c589257c5817429d54c7bc12f49fcb8') in 0.033883 seconds 
  Import took 0.037925 seconds .

========================================================================
Received Import Request.
  Time since last request: 214.360439 seconds.
  path: Assets/Ocean.cs
  artifactKey: Guid(2638e722a051bbf4d8bb78005d16c478) Importer(815301076,1909f56bfc062723c751e8b465ee728b)
Start importing Assets/Ocean.cs using Guid(2638e722a051bbf4d8bb78005d16c478) Importer(815301076,1909f56bfc062723c751e8b465ee728b)  -> (artifact id: 'c02336a0e1f547405bb3300d96efa117') in 0.008091 seconds 
  Import took 0.012519 seconds .

========================================================================
Received Prepare
Registering precompiled user dll's ...
Registered in 0.005372 seconds.
Begin MonoManager ReloadAssembly
Native extension for WindowsStandalone target not found
Native extension for WebGL target not found
Refreshing native plugins compatible for Editor in 0.52 ms, found 2 plugins.
Preloading 0 native plugins for Editor in 0.00 ms.
Mono: successfully reloaded assembly
- Completed reload, in  1.128 seconds
Domain Reload Profiling:
	ReloadAssembly (1128ms)
		BeginReloadAssembly (138ms)
			ExecutionOrderSort (0ms)
			DisableScriptedObjects (5ms)
			BackupInstance (0ms)
			ReleaseScriptingObjects (0ms)
			CreateAndSetChildDomain (38ms)
		EndReloadAssembly (918ms)
			LoadAssemblies (104ms)
			RebuildTransferFunctionScriptingTraits (0ms)
			SetupTypeCache (329ms)
			ReleaseScriptCaches (1ms)
			RebuildScriptCaches (42ms)
			SetupLoadedEditorAssemblies (325ms)
				LogAssemblyErrors (0ms)
				InitializePlatformSupportModulesInManaged (5ms)
				SetLoadedEditorAssemblies (0ms)
				RefreshPlugins (1ms)
				BeforeProcessingInitializeOnLoad (92ms)
				ProcessInitializeOnLoadAttributes (209ms)
				ProcessInitializeOnLoadMethodAttributes (9ms)
				AfterProcessingInitializeOnLoad (8ms)
				EditorAssembliesLoaded (0ms)
			ExecutionOrderSort2 (0ms)
			AwakeInstancesAfterBackupRestoration (11ms)
Platform modules already initialized, skipping
Refreshing native plugins compatible for Editor in 0.52 ms, found 2 plugins.
Preloading 0 native plugins for Editor in 0.00 ms.
Unloading 2700 Unused Serialized files (Serialized files now loaded: 0)
System memory in use before: 119.3 MB.
System memory in use after: 119.5 MB.

Unloading 15 unused Assets to reduce memory usage. Loaded Objects now: 3246.
Total: 3.443600 ms (FindLiveObjects: 0.270000 ms CreateObjectMapping: 0.081400 ms MarkObjects: 3.068300 ms  DeleteObjects: 0.022900 ms)

AssetImportParameters requested are different than current active one (requested -> active):
  custom:framework-win-MediaFoundation: 216162199b28c13a410421893ffa2e32 -> 
  custom:video-decoder-ogg-theora: a1e56fd34408186e4bbccfd4996cb3dc -> 
  custom:container-muxer-webm: aa71ff27fc2769a1b78a27578f13a17b -> 
  custom:container-demuxer-webm: 4f35f7cbe854078d1ac9338744f61a02 -> 
  custom:container-demuxer-ogg: 62fdf1f143b41e24485cea50d1cbac27 -> 
  custom:video-encoder-webm-vp8: eb34c28f22e8b96e1ab97ce403110664 -> 
  custom:video-decoder-webm-vp8: 9c59270c3fd7afecdb556c50c9e8de78 -> 
  custom:audio-decoder-ogg-vorbis: bf7c407c2cedff20999df2af8eb42d56 -> 
  custom:audio-encoder-webm-vorbis: bf7c407c2cedff20999df2af8eb42d56 -> 
========================================================================
Received Prepare
Registering precompiled user dll's ...
Registered in 0.005299 seconds.
Begin MonoManager ReloadAssembly
Native extension for WindowsStandalone target not found
Native extension for WebGL target not found
Refreshing native plugins compatible for Editor in 0.54 ms, found 2 plugins.
Preloading 0 native plugins for Editor in 0.00 ms.
Mono: successfully reloaded assembly
- Completed reload, in  1.134 seconds
Domain Reload Profiling:
	ReloadAssembly (1134ms)
		BeginReloadAssembly (127ms)
			ExecutionOrderSort (0ms)
			DisableScriptedObjects (5ms)
			BackupInstance (0ms)
			ReleaseScriptingObjects (0ms)
			CreateAndSetChildDomain (35ms)
		EndReloadAssembly (931ms)
			LoadAssemblies (99ms)
			RebuildTransferFunctionScriptingTraits (0ms)
			SetupTypeCache (332ms)
			ReleaseScriptCaches (1ms)
			RebuildScriptCaches (45ms)
			SetupLoadedEditorAssemblies (331ms)
				LogAssemblyErrors (0ms)
				InitializePlatformSupportModulesInManaged (6ms)
				SetLoadedEditorAssemblies (0ms)
				RefreshPlugins (1ms)
				BeforeProcessingInitializeOnLoad (98ms)
				ProcessInitializeOnLoadAttributes (210ms)
				ProcessInitializeOnLoadMethodAttributes (9ms)
				AfterProcessingInitializeOnLoad (8ms)
				EditorAssembliesLoaded (0ms)
			ExecutionOrderSort2 (0ms)
			AwakeInstancesAfterBackupRestoration (11ms)
Platform modules already initialized, skipping
Refreshing native plugins compatible for Editor in 0.51 ms, found 2 plugins.
Preloading 0 native plugins for Editor in 0.00 ms.
Unloading 2700 Unused Serialized files (Serialized files now loaded: 0)
System memory in use before: 119.3 MB.
System memory in use after: 119.5 MB.

Unloading 15 unused Assets to reduce memory usage. Loaded Objects now: 3248.
Total: 3.517700 ms (FindLiveObjects: 0.274300 ms CreateObjectMapping: 0.080600 ms MarkObjects: 3.141300 ms  DeleteObjects: 0.020400 ms)

AssetImportParameters requested are different than current active one (requested -> active):
  custom:framework-win-MediaFoundation: 216162199b28c13a410421893ffa2e32 -> 
  custom:video-decoder-ogg-theora: a1e56fd34408186e4bbccfd4996cb3dc -> 
  custom:container-muxer-webm: aa71ff27fc2769a1b78a27578f13a17b -> 
  custom:container-demuxer-webm: 4f35f7cbe854078d1ac9338744f61a02 -> 
  custom:container-demuxer-ogg: 62fdf1f143b41e24485cea50d1cbac27 -> 
  custom:video-encoder-webm-vp8: eb34c28f22e8b96e1ab97ce403110664 -> 
  custom:video-decoder-webm-vp8: 9c59270c3fd7afecdb556c50c9e8de78 -> 
  custom:audio-decoder-ogg-vorbis: bf7c407c2cedff20999df2af8eb42d56 -> 
  custom:audio-encoder-webm-vorbis: bf7c407c2cedff20999df2af8eb42d56 -> 
========================================================================
Received Prepare
Registering precompiled user dll's ...
Registered in 0.005176 seconds.
Begin MonoManager ReloadAssembly
Native extension for WindowsStandalone target not found
Native extension for WebGL target not found
Refreshing native plugins compatible for Editor in 0.52 ms, found 2 plugins.
Preloading 0 native plugins for Editor in 0.00 ms.
Mono: successfully reloaded assembly
- Completed reload, in  1.114 seconds
Domain Reload Profiling:
	ReloadAssembly (1114ms)
		BeginReloadAssembly (126ms)
			ExecutionOrderSort (0ms)
			DisableScriptedObjects (5ms)
			BackupInstance (0ms)
			ReleaseScriptingObjects (0ms)
			CreateAndSetChildDomain (34ms)
		EndReloadAssembly (915ms)
			LoadAssemblies (98ms)
			RebuildTransferFunctionScriptingTraits (0ms)
			SetupTypeCache (326ms)
			ReleaseScriptCaches (1ms)
			RebuildScriptCaches (44ms)
			SetupLoadedEditorAssemblies (324ms)
				LogAssemblyErrors (0ms)
				InitializePlatformSupportModulesInManaged (6ms)
				SetLoadedEditorAssemblies (0ms)
				RefreshPlugins (1ms)
				BeforeProcessingInitializeOnLoad (91ms)
				ProcessInitializeOnLoadAttributes (210ms)
				ProcessInitializeOnLoadMethodAttributes (9ms)
				AfterProcessingInitializeOnLoad (8ms)
				EditorAssembliesLoaded (0ms)
			ExecutionOrderSort2 (0ms)
			AwakeInstancesAfterBackupRestoration (12ms)
Platform modules already initialized, skipping
Refreshing native plugins compatible for Editor in 0.52 ms, found 2 plugins.
Preloading 0 native plugins for Editor in 0.00 ms.
Unloading 2700 Unused Serialized files (Serialized files now loaded: 0)
System memory in use before: 119.3 MB.
System memory in use after: 119.6 MB.

Unloading 15 unused Assets to reduce memory usage. Loaded Objects now: 3250.
Total: 3.674000 ms (FindLiveObjects: 0.262800 ms CreateObjectMapping: 0.077400 ms MarkObjects: 3.305100 ms  DeleteObjects: 0.027700 ms)

AssetImportParameters requested are different than current active one (requested -> active):
  custom:framework-win-MediaFoundation: 216162199b28c13a410421893ffa2e32 -> 
  custom:video-decoder-ogg-theora: a1e56fd34408186e4bbccfd4996cb3dc -> 
  custom:container-muxer-webm: aa71ff27fc2769a1b78a27578f13a17b -> 
  custom:container-demuxer-webm: 4f35f7cbe854078d1ac9338744f61a02 -> 
  custom:container-demuxer-ogg: 62fdf1f143b41e24485cea50d1cbac27 -> 
  custom:video-encoder-webm-vp8: eb34c28f22e8b96e1ab97ce403110664 -> 
  custom:video-decoder-webm-vp8: 9c59270c3fd7afecdb556c50c9e8de78 -> 
  custom:audio-decoder-ogg-vorbis: bf7c407c2cedff20999df2af8eb42d56 -> 
  custom:audio-encoder-webm-vorbis: bf7c407c2cedff20999df2af8eb42d56 -> 
========================================================================
Received Import Request.
  Time since last request: 578.912852 seconds.
  path: Assets/Graphics/OceanShader.shadergraph
  artifactKey: Guid(877fea85c8cfd8b479fa365580ce266d) Importer(815301076,1909f56bfc062723c751e8b465ee728b)
Start importing Assets/Graphics/OceanShader.shadergraph using Guid(877fea85c8cfd8b479fa365580ce266d) Importer(815301076,1909f56bfc062723c751e8b465ee728b)  -> (artifact id: '384619676e82feaea3911ff6921dd112') in 0.029117 seconds 
  Import took 0.033294 seconds .

========================================================================
Received Import Request.
  Time since last request: 46.209263 seconds.
  path: Assets/Graphics/OceanShader.shadergraph
  artifactKey: Guid(877fea85c8cfd8b479fa365580ce266d) Importer(815301076,1909f56bfc062723c751e8b465ee728b)
Start importing Assets/Graphics/OceanShader.shadergraph using Guid(877fea85c8cfd8b479fa365580ce266d) Importer(815301076,1909f56bfc062723c751e8b465ee728b)  -> (artifact id: '643e22bc9be5660a061e6265914be58a') in 0.003580 seconds 
  Import took 0.007834 seconds .

========================================================================
Received Import Request.
  Time since last request: 14.124012 seconds.
  path: Assets/Graphics/OceanShader.shadergraph
  artifactKey: Guid(877fea85c8cfd8b479fa365580ce266d) Importer(815301076,1909f56bfc062723c751e8b465ee728b)
Start importing Assets/Graphics/OceanShader.shadergraph using Guid(877fea85c8cfd8b479fa365580ce266d) Importer(815301076,1909f56bfc062723c751e8b465ee728b)  -> (artifact id: 'bfaac2c69fa623ebcc31d9b7fb5318a5') in 0.003706 seconds 
  Import took 0.007768 seconds .

========================================================================
Received Import Request.
  Time since last request: 20.084264 seconds.
  path: Assets/Graphics/OceanShader.shadergraph
  artifactKey: Guid(877fea85c8cfd8b479fa365580ce266d) Importer(815301076,1909f56bfc062723c751e8b465ee728b)
Start importing Assets/Graphics/OceanShader.shadergraph using Guid(877fea85c8cfd8b479fa365580ce266d) Importer(815301076,1909f56bfc062723c751e8b465ee728b)  -> (artifact id: '42f1b269499c564969692d257d12e1df') in 0.003843 seconds 
  Import took 0.007886 seconds .

========================================================================
Received Import Request.
  Time since last request: 16.405240 seconds.
  path: Assets/Graphics/OceanShader.shadergraph
  artifactKey: Guid(877fea85c8cfd8b479fa365580ce266d) Importer(815301076,1909f56bfc062723c751e8b465ee728b)
Start importing Assets/Graphics/OceanShader.shadergraph using Guid(877fea85c8cfd8b479fa365580ce266d) Importer(815301076,1909f56bfc062723c751e8b465ee728b)  -> (artifact id: '55f2e7d46ac3b52127b0b5e8f7c2a7bb') in 0.003827 seconds 
  Import took 0.008046 seconds .

========================================================================
Received Import Request.
  Time since last request: 198.173666 seconds.
  path: Assets/Graphics/OceanShader.shadergraph
  artifactKey: Guid(877fea85c8cfd8b479fa365580ce266d) Importer(815301076,1909f56bfc062723c751e8b465ee728b)
Start importing Assets/Graphics/OceanShader.shadergraph using Guid(877fea85c8cfd8b479fa365580ce266d) Importer(815301076,1909f56bfc062723c751e8b465ee728b)  -> (artifact id: '7047158d5b0e7c02e6266d895c2e6260') in 0.003837 seconds 
  Import took 0.008706 seconds .

========================================================================
Received Import Request.
  Time since last request: 27.634400 seconds.
  path: Assets/Graphics/PlanetMaterial.mat
  artifactKey: Guid(9c23aa6ed4745054a81d97dc1f00ac68) Importer(815301076,1909f56bfc062723c751e8b465ee728b)
Start importing Assets/Graphics/PlanetMaterial.mat using Guid(9c23aa6ed4745054a81d97dc1f00ac68) Importer(815301076,1909f56bfc062723c751e8b465ee728b)  -> (artifact id: '067cb7ae8d54e3a48d3ce891569ae0fb') in 0.211586 seconds 
  Import took 0.215898 seconds .

========================================================================
Received Import Request.
  Time since last request: 2232.143878 seconds.
  path: Assets/matTestSphere.blend
  artifactKey: Guid(ab6ab1ecf2675ab4fa209651ff59df12) Importer(815301076,1909f56bfc062723c751e8b465ee728b)
Start importing Assets/matTestSphere.blend using Guid(ab6ab1ecf2675ab4fa209651ff59df12) Importer(815301076,1909f56bfc062723c751e8b465ee728b)  -> (artifact id: '5e9cd6959f39814afe5c864e3a206047') in 0.089327 seconds 
  Import took 0.093871 seconds .

========================================================================
Received Import Request.
  Time since last request: 967.640289 seconds.
  path: Assets/Graphics/OceanMaterial.mat
  artifactKey: Guid(35b5e40884c60ab48838d74f77bcc71e) Importer(815301076,1909f56bfc062723c751e8b465ee728b)
Start importing Assets/Graphics/OceanMaterial.mat using Guid(35b5e40884c60ab48838d74f77bcc71e) Importer(815301076,1909f56bfc062723c751e8b465ee728b)  -> (artifact id: '48d01e006506fd242fadf1a883560526') in 0.022497 seconds 
  Import took 0.027336 seconds .

========================================================================
Received Import Request.
  Time since last request: 0.000196 seconds.
  path: Assets/Graphics/PlanetMaterial.mat
  artifactKey: Guid(9c23aa6ed4745054a81d97dc1f00ac68) Importer(815301076,1909f56bfc062723c751e8b465ee728b)
Start importing Assets/Graphics/PlanetMaterial.mat using Guid(9c23aa6ed4745054a81d97dc1f00ac68) Importer(815301076,1909f56bfc062723c751e8b465ee728b)  -> (artifact id: '405b2508bd5a8291fca104d2494df402') in 0.016172 seconds 
  Import took 0.020635 seconds .

AssetImportWorkerClient::OnTransportError - code=2 error=End of file
