Using pre-set license
Built from '2020.3/staging' branch; Version is '2020.3.21f1 (a38c86f6690f) revision 10718342'; Using compiler version '192528614'; Build Type 'Release'
OS: 'Windows 10 Home; OS build 19042.1415; Version 2009; 64bit' Language: 'de' Physical Memory: 16332 MB
BatchMode: 1, IsHumanControllingUs: 0, StartBugReporterOnCrash: 0, Is64bit: 1, IsPro: 0

COMMAND LINE ARGUMENTS:
C:\Program Files\Unity\Hub\Editor\2020.3.21f1\Editor\Unity.exe
-adb2
-batchMode
-noUpm
-name
AssetImportWorker0
-projectPath
E:/Daten/UnityProjects/procedualPlanet/PlanetGenerator
-logFile
Logs/AssetImportWorker0.log
-srvPort
64406
Successfully changed project path to: E:/Daten/UnityProjects/procedualPlanet/PlanetGenerator
E:/Daten/UnityProjects/procedualPlanet/PlanetGenerator
Using Asset Import Pipeline V2.
Refreshing native plugins compatible for Editor in 63.26 ms, found 2 plugins.
Preloading 0 native plugins for Editor in 0.00 ms.
Initialize engine version: 2020.3.21f1 (a38c86f6690f)
[Subsystems] Discovering subsystems at path C:/Program Files/Unity/Hub/Editor/2020.3.21f1/Editor/Data/Resources/UnitySubsystems
[Subsystems] Discovering subsystems at path E:/Daten/UnityProjects/procedualPlanet/PlanetGenerator/Assets
GfxDevice: creating device client; threaded=0
Direct3D:
    Version:  Direct3D 11.0 [level 11.1]
    Renderer: NVIDIA GeForce GTX 1060 6GB (ID=0x1c03)
    Vendor:   
    VRAM:     6052 MB
    Driver:   30.0.14.7168
Initialize mono
Mono path[0] = 'C:/Program Files/Unity/Hub/Editor/2020.3.21f1/Editor/Data/Managed'
Mono path[1] = 'C:/Program Files/Unity/Hub/Editor/2020.3.21f1/Editor/Data/MonoBleedingEdge/lib/mono/unityjit'
Mono config path = 'C:/Program Files/Unity/Hub/Editor/2020.3.21f1/Editor/Data/MonoBleedingEdge/etc'
Using monoOptions --debugger-agent=transport=dt_socket,embedding=1,server=y,suspend=n,address=127.0.0.1:56448
Begin MonoManager ReloadAssembly
Registering precompiled unity dll's ...
Register platform support module: C:/Program Files/Unity/Hub/Editor/2020.3.21f1/Editor/Data/PlaybackEngines/WindowsStandaloneSupport/UnityEditor.WindowsStandalone.Extensions.dll
Registered in 0.001669 seconds.
Native extension for WindowsStandalone target not found
Refreshing native plugins compatible for Editor in 58.45 ms, found 2 plugins.
Preloading 0 native plugins for Editor in 0.00 ms.
Mono: successfully reloaded assembly
- Completed reload, in  1.312 seconds
Domain Reload Profiling:
	ReloadAssembly (1312ms)
		BeginReloadAssembly (63ms)
			ExecutionOrderSort (0ms)
			DisableScriptedObjects (0ms)
			BackupInstance (0ms)
			ReleaseScriptingObjects (0ms)
			CreateAndSetChildDomain (1ms)
		EndReloadAssembly (517ms)
			LoadAssemblies (59ms)
			RebuildTransferFunctionScriptingTraits (0ms)
			SetupTypeCache (177ms)
			ReleaseScriptCaches (0ms)
			RebuildScriptCaches (34ms)
			SetupLoadedEditorAssemblies (203ms)
				LogAssemblyErrors (0ms)
				InitializePlatformSupportModulesInManaged (4ms)
				SetLoadedEditorAssemblies (0ms)
				RefreshPlugins (59ms)
				BeforeProcessingInitializeOnLoad (20ms)
				ProcessInitializeOnLoadAttributes (88ms)
				ProcessInitializeOnLoadMethodAttributes (32ms)
				AfterProcessingInitializeOnLoad (0ms)
				EditorAssembliesLoaded (0ms)
			ExecutionOrderSort2 (0ms)
			AwakeInstancesAfterBackupRestoration (0ms)
Platform modules already initialized, skipping
Registering precompiled user dll's ...
Registered in 0.003652 seconds.
Begin MonoManager ReloadAssembly
Native extension for WindowsStandalone target not found
Refreshing native plugins compatible for Editor in 62.72 ms, found 2 plugins.
Preloading 0 native plugins for Editor in 0.00 ms.
Mono: successfully reloaded assembly
- Completed reload, in  1.300 seconds
Domain Reload Profiling:
	ReloadAssembly (1300ms)
		BeginReloadAssembly (155ms)
			ExecutionOrderSort (0ms)
			DisableScriptedObjects (5ms)
			BackupInstance (0ms)
			ReleaseScriptingObjects (0ms)
			CreateAndSetChildDomain (20ms)
		EndReloadAssembly (1077ms)
			LoadAssemblies (90ms)
			RebuildTransferFunctionScriptingTraits (0ms)
			SetupTypeCache (382ms)
			ReleaseScriptCaches (1ms)
			RebuildScriptCaches (55ms)
			SetupLoadedEditorAssemblies (409ms)
				LogAssemblyErrors (0ms)
				InitializePlatformSupportModulesInManaged (4ms)
				SetLoadedEditorAssemblies (0ms)
				RefreshPlugins (63ms)
				BeforeProcessingInitializeOnLoad (105ms)
				ProcessInitializeOnLoadAttributes (218ms)
				ProcessInitializeOnLoadMethodAttributes (11ms)
				AfterProcessingInitializeOnLoad (8ms)
				EditorAssembliesLoaded (0ms)
			ExecutionOrderSort2 (0ms)
			AwakeInstancesAfterBackupRestoration (8ms)
Platform modules already initialized, skipping
========================================================================
Worker process is ready to serve import requests
Launched and connected shader compiler UnityShaderCompiler.exe after 0.09 seconds
Refreshing native plugins compatible for Editor in 0.66 ms, found 2 plugins.
Preloading 0 native plugins for Editor in 0.00 ms.
Unloading 2811 Unused Serialized files (Serialized files now loaded: 0)
System memory in use before: 126.6 MB.
System memory in use after: 126.8 MB.

Unloading 20 unused Assets to reduce memory usage. Loaded Objects now: 3244.
Total: 4.307100 ms (FindLiveObjects: 0.352000 ms CreateObjectMapping: 0.080700 ms MarkObjects: 3.782000 ms  DeleteObjects: 0.091000 ms)

AssetImportParameters requested are different than current active one (requested -> active):
  custom:framework-win-MediaFoundation: 216162199b28c13a410421893ffa2e32 -> 
  custom:video-decoder-ogg-theora: a1e56fd34408186e4bbccfd4996cb3dc -> 
  custom:container-muxer-webm: aa71ff27fc2769a1b78a27578f13a17b -> 
  custom:container-demuxer-webm: 4f35f7cbe854078d1ac9338744f61a02 -> 
  custom:container-demuxer-ogg: 62fdf1f143b41e24485cea50d1cbac27 -> 
  custom:video-encoder-webm-vp8: eb34c28f22e8b96e1ab97ce403110664 -> 
  custom:video-decoder-webm-vp8: 9c59270c3fd7afecdb556c50c9e8de78 -> 
  custom:audio-decoder-ogg-vorbis: bf7c407c2cedff20999df2af8eb42d56 -> 
  custom:audio-encoder-webm-vorbis: bf7c407c2cedff20999df2af8eb42d56 -> 
========================================================================
Received Import Request.
  path: Assets/matTestSphere.blend
  artifactKey: Guid(ab6ab1ecf2675ab4fa209651ff59df12) Importer(815301076,1909f56bfc062723c751e8b465ee728b)
Start importing Assets/matTestSphere.blend using Guid(ab6ab1ecf2675ab4fa209651ff59df12) Importer(815301076,1909f56bfc062723c751e8b465ee728b)  -> (artifact id: '7aadb79da9c2d28d96526cc2fe48dfe3') in 0.250525 seconds 
  Import took 0.256355 seconds .

========================================================================
Received Prepare
Registering precompiled user dll's ...
Registered in 0.004192 seconds.
Begin MonoManager ReloadAssembly
Native extension for WindowsStandalone target not found
Refreshing native plugins compatible for Editor in 0.58 ms, found 2 plugins.
Preloading 0 native plugins for Editor in 0.00 ms.
Mono: successfully reloaded assembly
- Completed reload, in  1.003 seconds
Domain Reload Profiling:
	ReloadAssembly (1003ms)
		BeginReloadAssembly (123ms)
			ExecutionOrderSort (0ms)
			DisableScriptedObjects (6ms)
			BackupInstance (0ms)
			ReleaseScriptingObjects (0ms)
			CreateAndSetChildDomain (35ms)
		EndReloadAssembly (821ms)
			LoadAssemblies (81ms)
			RebuildTransferFunctionScriptingTraits (0ms)
			SetupTypeCache (290ms)
			ReleaseScriptCaches (1ms)
			RebuildScriptCaches (40ms)
			SetupLoadedEditorAssemblies (286ms)
				LogAssemblyErrors (0ms)
				InitializePlatformSupportModulesInManaged (4ms)
				SetLoadedEditorAssemblies (0ms)
				RefreshPlugins (1ms)
				BeforeProcessingInitializeOnLoad (76ms)
				ProcessInitializeOnLoadAttributes (191ms)
				ProcessInitializeOnLoadMethodAttributes (10ms)
				AfterProcessingInitializeOnLoad (5ms)
				EditorAssembliesLoaded (0ms)
			ExecutionOrderSort2 (0ms)
			AwakeInstancesAfterBackupRestoration (14ms)
Platform modules already initialized, skipping
Refreshing native plugins compatible for Editor in 0.60 ms, found 2 plugins.
Preloading 0 native plugins for Editor in 0.00 ms.
Unloading 2705 Unused Serialized files (Serialized files now loaded: 0)
System memory in use before: 124.9 MB.
System memory in use after: 125.1 MB.

Unloading 15 unused Assets to reduce memory usage. Loaded Objects now: 3299.
Total: 4.232500 ms (FindLiveObjects: 0.347500 ms CreateObjectMapping: 0.092700 ms MarkObjects: 3.768200 ms  DeleteObjects: 0.022300 ms)

AssetImportParameters requested are different than current active one (requested -> active):
  custom:framework-win-MediaFoundation: 216162199b28c13a410421893ffa2e32 -> 
  custom:video-decoder-ogg-theora: a1e56fd34408186e4bbccfd4996cb3dc -> 
  custom:container-muxer-webm: aa71ff27fc2769a1b78a27578f13a17b -> 
  custom:container-demuxer-webm: 4f35f7cbe854078d1ac9338744f61a02 -> 
  custom:container-demuxer-ogg: 62fdf1f143b41e24485cea50d1cbac27 -> 
  custom:video-encoder-webm-vp8: eb34c28f22e8b96e1ab97ce403110664 -> 
  custom:video-decoder-webm-vp8: 9c59270c3fd7afecdb556c50c9e8de78 -> 
  custom:audio-decoder-ogg-vorbis: bf7c407c2cedff20999df2af8eb42d56 -> 
  custom:audio-encoder-webm-vorbis: bf7c407c2cedff20999df2af8eb42d56 -> 
========================================================================
Received Import Request.
  Time since last request: 75.533536 seconds.
  path: Assets/Scripts
  artifactKey: Guid(c68fcbca719f598438c1ef7c3814ec13) Importer(815301076,1909f56bfc062723c751e8b465ee728b)
Start importing Assets/Scripts using Guid(c68fcbca719f598438c1ef7c3814ec13) Importer(815301076,1909f56bfc062723c751e8b465ee728b)  -> (artifact id: 'dc20a6cd623a6473305ad37a67a41dab') in 0.010439 seconds 
  Import took 0.014837 seconds .

========================================================================
Received Import Request.
  Time since last request: 0.912980 seconds.
  path: Assets/Scripts/Player
  artifactKey: Guid(81590d9cde194af4389cd2bfa38598ad) Importer(815301076,1909f56bfc062723c751e8b465ee728b)
Start importing Assets/Scripts/Player using Guid(81590d9cde194af4389cd2bfa38598ad) Importer(815301076,1909f56bfc062723c751e8b465ee728b)  -> (artifact id: 'a5009283718031e881e52cd800ef6e6b') in 0.006300 seconds 
  Import took 0.010532 seconds .

========================================================================
Received Prepare
Registering precompiled user dll's ...
Registered in 0.004943 seconds.
Begin MonoManager ReloadAssembly
Native extension for WindowsStandalone target not found
Refreshing native plugins compatible for Editor in 0.64 ms, found 2 plugins.
Preloading 0 native plugins for Editor in 0.00 ms.
[ScriptCompilation] NOT recompiling all scripts because this is an import worker process. Reason to compile was: Define symbols changed
Mono: successfully reloaded assembly
- Completed reload, in  1.005 seconds
Domain Reload Profiling:
	ReloadAssembly (1006ms)
		BeginReloadAssembly (106ms)
			ExecutionOrderSort (0ms)
			DisableScriptedObjects (4ms)
			BackupInstance (0ms)
			ReleaseScriptingObjects (0ms)
			CreateAndSetChildDomain (31ms)
		EndReloadAssembly (836ms)
			LoadAssemblies (88ms)
			RebuildTransferFunctionScriptingTraits (0ms)
			SetupTypeCache (292ms)
			ReleaseScriptCaches (1ms)
			RebuildScriptCaches (39ms)
			SetupLoadedEditorAssemblies (285ms)
				LogAssemblyErrors (0ms)
				InitializePlatformSupportModulesInManaged (4ms)
				SetLoadedEditorAssemblies (0ms)
				RefreshPlugins (1ms)
				BeforeProcessingInitializeOnLoad (78ms)
				ProcessInitializeOnLoadAttributes (190ms)
				ProcessInitializeOnLoadMethodAttributes (7ms)
				AfterProcessingInitializeOnLoad (5ms)
				EditorAssembliesLoaded (0ms)
			ExecutionOrderSort2 (0ms)
			AwakeInstancesAfterBackupRestoration (14ms)
Platform modules already initialized, skipping
Refreshing native plugins compatible for Editor in 0.79 ms, found 2 plugins.
Preloading 0 native plugins for Editor in 0.00 ms.
Unloading 2836 Unused Serialized files (Serialized files now loaded: 0)
System memory in use before: 137.8 MB.
System memory in use after: 133.7 MB.

Unloading 36 unused Assets to reduce memory usage. Loaded Objects now: 3416.
Total: 5.532200 ms (FindLiveObjects: 0.294200 ms CreateObjectMapping: 0.084700 ms MarkObjects: 3.166100 ms  DeleteObjects: 1.985400 ms)

AssetImportParameters requested are different than current active one (requested -> active):
  custom:framework-win-MediaFoundation: 216162199b28c13a410421893ffa2e32 -> 
  custom:video-decoder-ogg-theora: a1e56fd34408186e4bbccfd4996cb3dc -> 
  custom:container-muxer-webm: aa71ff27fc2769a1b78a27578f13a17b -> 
  custom:container-demuxer-webm: 4f35f7cbe854078d1ac9338744f61a02 -> 
  custom:container-demuxer-ogg: 62fdf1f143b41e24485cea50d1cbac27 -> 
  custom:video-encoder-webm-vp8: eb34c28f22e8b96e1ab97ce403110664 -> 
  custom:video-decoder-webm-vp8: 9c59270c3fd7afecdb556c50c9e8de78 -> 
  custom:audio-decoder-ogg-vorbis: bf7c407c2cedff20999df2af8eb42d56 -> 
  custom:audio-encoder-webm-vorbis: bf7c407c2cedff20999df2af8eb42d56 -> 
========================================================================
Received Import Request.
  Time since last request: 174.249153 seconds.
  path: Assets/Standard Assets/Utility/Prefabs
  artifactKey: Guid(b43a4ef15621158419a2b639f7a98245) Importer(815301076,1909f56bfc062723c751e8b465ee728b)
Start importing Assets/Standard Assets/Utility/Prefabs using Guid(b43a4ef15621158419a2b639f7a98245) Importer(815301076,1909f56bfc062723c751e8b465ee728b)  -> (artifact id: 'bcff79e35641baf43c286a50be3312a1') in 0.010859 seconds 
  Import took 0.015856 seconds .

========================================================================
Received Import Request.
  Time since last request: 0.611833 seconds.
  path: Assets/Standard Assets/Utility/ActivateTrigger.cs
  artifactKey: Guid(c8634e062924929664361c08745211fb) Importer(815301076,1909f56bfc062723c751e8b465ee728b)
Start importing Assets/Standard Assets/Utility/ActivateTrigger.cs using Guid(c8634e062924929664361c08745211fb) Importer(815301076,1909f56bfc062723c751e8b465ee728b)  -> (artifact id: 'ed9df2ad34fcd6bf6f5e205173a75732') in 0.009561 seconds 
  Import took 0.014143 seconds .

========================================================================
Received Import Request.
  Time since last request: 67.146345 seconds.
  path: Assets/Characters
  artifactKey: Guid(5999ff0c73d0c6e42a53fcbce6d27e0a) Importer(815301076,1909f56bfc062723c751e8b465ee728b)
Start importing Assets/Characters using Guid(5999ff0c73d0c6e42a53fcbce6d27e0a) Importer(815301076,1909f56bfc062723c751e8b465ee728b)  -> (artifact id: 'ecee270c1f469a7a290891ad4933eadd') in 0.007444 seconds 
  Import took 0.012226 seconds .

========================================================================
Received Import Request.
  Time since last request: 0.066593 seconds.
  path: Assets/Characters/erika_archer_bow_arrow@Standing Sprint Forward.fbx
  artifactKey: Guid(da70f78bb283bb540a7ed869110f9e0a) Importer(815301076,1909f56bfc062723c751e8b465ee728b)
Start importing Assets/Characters/erika_archer_bow_arrow@Standing Sprint Forward.fbx using Guid(da70f78bb283bb540a7ed869110f9e0a) Importer(815301076,1909f56bfc062723c751e8b465ee728b)  -> (artifact id: 'e09fb330278334919e2a17ad11633667') in 1.000223 seconds 
  Import took 1.006676 seconds .

========================================================================
Received Import Request.
  Time since last request: 3.282668 seconds.
  path: Assets/Characters/Textures
  artifactKey: Guid(d80ab681de9c1b7458b04125cde50eea) Importer(815301076,1909f56bfc062723c751e8b465ee728b)
Start importing Assets/Characters/Textures using Guid(d80ab681de9c1b7458b04125cde50eea) Importer(815301076,1909f56bfc062723c751e8b465ee728b)  -> (artifact id: 'd2d323616cad85d1b3c3ae8db8afcb96') in 0.006275 seconds 
  Import took 0.010696 seconds .

========================================================================
Received Import Request.
  Time since last request: 0.760059 seconds.
  path: Assets/Characters/Animations
  artifactKey: Guid(f8c4cbfd732acc64c99c8b39b9b5df6d) Importer(815301076,1909f56bfc062723c751e8b465ee728b)
Start importing Assets/Characters/Animations using Guid(f8c4cbfd732acc64c99c8b39b9b5df6d) Importer(815301076,1909f56bfc062723c751e8b465ee728b)  -> (artifact id: '6aefe50d0733df3c0a1f5d7a0be62a28') in 0.007313 seconds 
  Import took 0.013673 seconds .

========================================================================
Received Import Request.
  Time since last request: 0.084075 seconds.
  path: Assets/Characters/Animations/erika_archer_bow_arrow@Standing Jump.fbx
  artifactKey: Guid(a2453134b8a2fdb4c854035b062a2d6b) Importer(815301076,1909f56bfc062723c751e8b465ee728b)
Start importing Assets/Characters/Animations/erika_archer_bow_arrow@Standing Jump.fbx using Guid(a2453134b8a2fdb4c854035b062a2d6b) Importer(815301076,1909f56bfc062723c751e8b465ee728b)  -> (artifact id: '865d6491548fe026d50c70ecb4ae7043') in 0.015039 seconds 
  Import took 0.020508 seconds .

========================================================================
Received Import Request.
  Time since last request: 5.799378 seconds.
  path: Assets/Characters/Animations/Pro Longbow Pack
  artifactKey: Guid(55e570e3653927e46a0cec694f05c7fd) Importer(815301076,1909f56bfc062723c751e8b465ee728b)
Start importing Assets/Characters/Animations/Pro Longbow Pack using Guid(55e570e3653927e46a0cec694f05c7fd) Importer(815301076,1909f56bfc062723c751e8b465ee728b)  -> (artifact id: '7bc7ed17ca3bf28c6c6fd6ad25a4f814') in 0.005302 seconds 
  Import took 0.010037 seconds .

========================================================================
Received Import Request.
  Time since last request: 1.033033 seconds.
  path: Assets/Characters/Animations/Pro Longbow Pack/fall a land to run forward.fbx
  artifactKey: Guid(8931dfe4ffdda724a85c3efbda54078d) Importer(815301076,1909f56bfc062723c751e8b465ee728b)
Start importing Assets/Characters/Animations/Pro Longbow Pack/fall a land to run forward.fbx using Guid(8931dfe4ffdda724a85c3efbda54078d) Importer(815301076,1909f56bfc062723c751e8b465ee728b)  -> (artifact id: 'f8fc671cc20d69ffe649c66eba9ccdad') in 0.010783 seconds 
  Import took 0.015900 seconds .

========================================================================
Received Import Request.
  Time since last request: 0.000214 seconds.
  path: Assets/Characters/Animations/Pro Longbow Pack/standing aim recoil.fbx
  artifactKey: Guid(49424621b4a36a84084330896f41cf86) Importer(815301076,1909f56bfc062723c751e8b465ee728b)
Start importing Assets/Characters/Animations/Pro Longbow Pack/standing aim recoil.fbx using Guid(49424621b4a36a84084330896f41cf86) Importer(815301076,1909f56bfc062723c751e8b465ee728b)  -> (artifact id: '0d4fb5d9b9a8205f1c9ee4c6ebb1f95a') in 0.011175 seconds 
  Import took 0.015733 seconds .

========================================================================
Received Import Request.
  Time since last request: 0.000243 seconds.
  path: Assets/Characters/Animations/Pro Longbow Pack/standing dodge backward.fbx
  artifactKey: Guid(f210ab0309100ab469cd459bc49f5108) Importer(815301076,1909f56bfc062723c751e8b465ee728b)
Start importing Assets/Characters/Animations/Pro Longbow Pack/standing dodge backward.fbx using Guid(f210ab0309100ab469cd459bc49f5108) Importer(815301076,1909f56bfc062723c751e8b465ee728b)  -> (artifact id: '623b68aef748cd6c034ee3412a990d2e') in 0.011055 seconds 
  Import took 0.015803 seconds .

========================================================================
Received Import Request.
  Time since last request: 0.000187 seconds.
  path: Assets/Characters/Animations/Pro Longbow Pack/standing turn 90 left.fbx
  artifactKey: Guid(b7bf7b1ac2a900c43b3cfe1abe71132a) Importer(815301076,1909f56bfc062723c751e8b465ee728b)
Start importing Assets/Characters/Animations/Pro Longbow Pack/standing turn 90 left.fbx using Guid(b7bf7b1ac2a900c43b3cfe1abe71132a) Importer(815301076,1909f56bfc062723c751e8b465ee728b)  -> (artifact id: '258b1ca2d26acc13de007f5cc052b4fc') in 0.011060 seconds 
  Import took 0.015696 seconds .

========================================================================
Received Import Request.
  Time since last request: 0.000253 seconds.
  path: Assets/Characters/Animations/Pro Longbow Pack/standing run forward.fbx
  artifactKey: Guid(da4d5ded31fec904e8758c832da483bc) Importer(815301076,1909f56bfc062723c751e8b465ee728b)
Start importing Assets/Characters/Animations/Pro Longbow Pack/standing run forward.fbx using Guid(da4d5ded31fec904e8758c832da483bc) Importer(815301076,1909f56bfc062723c751e8b465ee728b)  -> (artifact id: 'af26217363b0094610cf477a4e6e3921') in 0.011555 seconds 
  Import took 0.016373 seconds .

========================================================================
Received Import Request.
  Time since last request: 0.000208 seconds.
  path: Assets/Characters/Animations/Pro Longbow Pack/fall a land to standing idle 01.fbx
  artifactKey: Guid(f7a313e686c3883429817be4e0fc7dd9) Importer(815301076,1909f56bfc062723c751e8b465ee728b)
Start importing Assets/Characters/Animations/Pro Longbow Pack/fall a land to standing idle 01.fbx using Guid(f7a313e686c3883429817be4e0fc7dd9) Importer(815301076,1909f56bfc062723c751e8b465ee728b)  -> (artifact id: '02e3c3d6bab906114636d6fe7273d702') in 0.010601 seconds 
  Import took 0.015073 seconds .

========================================================================
Received Import Request.
  Time since last request: 0.000188 seconds.
  path: Assets/Characters/Animations/Pro Longbow Pack/standing run left.fbx
  artifactKey: Guid(a18db5956df6bbf43ad859595833c98d) Importer(815301076,1909f56bfc062723c751e8b465ee728b)
Start importing Assets/Characters/Animations/Pro Longbow Pack/standing run left.fbx using Guid(a18db5956df6bbf43ad859595833c98d) Importer(815301076,1909f56bfc062723c751e8b465ee728b)  -> (artifact id: 'bab0a2dd1cf45b652bc5621484a22d2d') in 0.010836 seconds 
  Import took 0.015248 seconds .

========================================================================
Received Import Request.
  Time since last request: 0.000233 seconds.
  path: Assets/Characters/Animations/Pro Longbow Pack/standing dodge left.fbx
  artifactKey: Guid(2153388c3cdb8fe4098cf0ef6d34104a) Importer(815301076,1909f56bfc062723c751e8b465ee728b)
Start importing Assets/Characters/Animations/Pro Longbow Pack/standing dodge left.fbx using Guid(2153388c3cdb8fe4098cf0ef6d34104a) Importer(815301076,1909f56bfc062723c751e8b465ee728b)  -> (artifact id: '02e4e957bb6cab6a031dd38e8ff7fb30') in 0.010816 seconds 
  Import took 0.016377 seconds .

========================================================================
Received Import Request.
  Time since last request: 0.000231 seconds.
  path: Assets/Characters/Animations/Pro Longbow Pack/standing idle 03 examine.fbx
  artifactKey: Guid(3dce6385bacb2ed44901aa1ed507c824) Importer(815301076,1909f56bfc062723c751e8b465ee728b)
Start importing Assets/Characters/Animations/Pro Longbow Pack/standing idle 03 examine.fbx using Guid(3dce6385bacb2ed44901aa1ed507c824) Importer(815301076,1909f56bfc062723c751e8b465ee728b)  -> (artifact id: 'b3f3eb1ab887bb06df570210bf81e6cd') in 0.011222 seconds 
  Import took 0.016042 seconds .

========================================================================
Received Import Request.
  Time since last request: 0.000187 seconds.
  path: Assets/Characters/Animations/Pro Longbow Pack/standing aim walk right.fbx
  artifactKey: Guid(e74427130e63afa4f8d413e8333dddf7) Importer(815301076,1909f56bfc062723c751e8b465ee728b)
Start importing Assets/Characters/Animations/Pro Longbow Pack/standing aim walk right.fbx using Guid(e74427130e63afa4f8d413e8333dddf7) Importer(815301076,1909f56bfc062723c751e8b465ee728b)  -> (artifact id: 'af0a50e55283b756603f6cbbe13d36c9') in 0.010808 seconds 
  Import took 0.015642 seconds .

========================================================================
Received Import Request.
  Time since last request: 0.000224 seconds.
  path: Assets/Characters/Animations/Pro Longbow Pack/standing disarm bow.fbx
  artifactKey: Guid(01ca537fb6ae5e2488fbf68734565cb3) Importer(815301076,1909f56bfc062723c751e8b465ee728b)
Start importing Assets/Characters/Animations/Pro Longbow Pack/standing disarm bow.fbx using Guid(01ca537fb6ae5e2488fbf68734565cb3) Importer(815301076,1909f56bfc062723c751e8b465ee728b)  -> (artifact id: '8eae0467c622c9c18692253ebd2551c1') in 0.011156 seconds 
  Import took 0.016568 seconds .

========================================================================
Received Import Request.
  Time since last request: 0.000182 seconds.
  path: Assets/Characters/Animations/Pro Longbow Pack/standing walk left.fbx
  artifactKey: Guid(e3a61a7b1d6319742b3abff117aa7bad) Importer(815301076,1909f56bfc062723c751e8b465ee728b)
Start importing Assets/Characters/Animations/Pro Longbow Pack/standing walk left.fbx using Guid(e3a61a7b1d6319742b3abff117aa7bad) Importer(815301076,1909f56bfc062723c751e8b465ee728b)  -> (artifact id: 'dea896e0a85eb7132acc7fbfc74623c4') in 0.010828 seconds 
  Import took 0.015296 seconds .

========================================================================
Received Import Request.
  Time since last request: 0.000170 seconds.
  path: Assets/Characters/Animations/Pro Longbow Pack/standing Jump Running To Run Forward.fbx
  artifactKey: Guid(10ca7ce927e3663418722bc305a9f357) Importer(815301076,1909f56bfc062723c751e8b465ee728b)
Start importing Assets/Characters/Animations/Pro Longbow Pack/standing Jump Running To Run Forward.fbx using Guid(10ca7ce927e3663418722bc305a9f357) Importer(815301076,1909f56bfc062723c751e8b465ee728b)  -> (artifact id: 'ab7c06376911169c8ef0ddcd67ed7ed1') in 0.012304 seconds 
  Import took 0.016984 seconds .

========================================================================
Received Import Request.
  Time since last request: 0.000293 seconds.
  path: Assets/Characters/Animations/Pro Longbow Pack/standing dodge right.fbx
  artifactKey: Guid(3c596495890f46748b362b1338c459a7) Importer(815301076,1909f56bfc062723c751e8b465ee728b)
Start importing Assets/Characters/Animations/Pro Longbow Pack/standing dodge right.fbx using Guid(3c596495890f46748b362b1338c459a7) Importer(815301076,1909f56bfc062723c751e8b465ee728b)  -> (artifact id: '7296c1d3e8980d49260f3fd028127b51') in 0.010820 seconds 
  Import took 0.015837 seconds .

========================================================================
Received Import Request.
  Time since last request: 0.000183 seconds.
  path: Assets/Characters/Animations/Pro Longbow Pack/standing dodge forward.fbx
  artifactKey: Guid(80af1c72d68190a44b26ebe9d55be7ee) Importer(815301076,1909f56bfc062723c751e8b465ee728b)
Start importing Assets/Characters/Animations/Pro Longbow Pack/standing dodge forward.fbx using Guid(80af1c72d68190a44b26ebe9d55be7ee) Importer(815301076,1909f56bfc062723c751e8b465ee728b)  -> (artifact id: 'b5aff94eb358a0805e831b1b7049cca5') in 0.011304 seconds 
  Import took 0.016244 seconds .

========================================================================
Received Import Request.
  Time since last request: 0.000267 seconds.
  path: Assets/Characters/Animations/Pro Longbow Pack/standing idle 02 looking.fbx
  artifactKey: Guid(3b592bfb9d484f240b0cba00f2c1690d) Importer(815301076,1909f56bfc062723c751e8b465ee728b)
Start importing Assets/Characters/Animations/Pro Longbow Pack/standing idle 02 looking.fbx using Guid(3b592bfb9d484f240b0cba00f2c1690d) Importer(815301076,1909f56bfc062723c751e8b465ee728b)  -> (artifact id: '3d1180fdfbfe1f620072eca6e423e890') in 0.010473 seconds 
  Import took 0.016200 seconds .

========================================================================
Received Import Request.
  Time since last request: 0.000218 seconds.
  path: Assets/Characters/Animations/Pro Longbow Pack/standing draw arrow.fbx
  artifactKey: Guid(f11d717d02806a747bb571493d4f8d18) Importer(815301076,1909f56bfc062723c751e8b465ee728b)
Start importing Assets/Characters/Animations/Pro Longbow Pack/standing draw arrow.fbx using Guid(f11d717d02806a747bb571493d4f8d18) Importer(815301076,1909f56bfc062723c751e8b465ee728b)  -> (artifact id: 'f4403ba49a3f58856d72feff901922b7') in 0.011519 seconds 
  Import took 0.016784 seconds .

========================================================================
Received Import Request.
  Time since last request: 0.000232 seconds.
  path: Assets/Characters/Animations/Pro Longbow Pack/standing walk forward.fbx
  artifactKey: Guid(6f489e8b6d39f234b914f08dbf78ddf2) Importer(815301076,1909f56bfc062723c751e8b465ee728b)
Start importing Assets/Characters/Animations/Pro Longbow Pack/standing walk forward.fbx using Guid(6f489e8b6d39f234b914f08dbf78ddf2) Importer(815301076,1909f56bfc062723c751e8b465ee728b)  -> (artifact id: 'dffcd9be49a10cb556d117bc6940b0af') in 0.011235 seconds 
  Import took 0.016046 seconds .

========================================================================
Received Import Request.
  Time since last request: 0.000224 seconds.
  path: Assets/Characters/Animations/Pro Longbow Pack/fall a loop.fbx
  artifactKey: Guid(08c38482f739e654eb82502d30db0f81) Importer(815301076,1909f56bfc062723c751e8b465ee728b)
Start importing Assets/Characters/Animations/Pro Longbow Pack/fall a loop.fbx using Guid(08c38482f739e654eb82502d30db0f81) Importer(815301076,1909f56bfc062723c751e8b465ee728b)  -> (artifact id: '3b3e538240c052ed9c4197ae8fea0014') in 0.011748 seconds 
  Import took 0.016522 seconds .

========================================================================
Received Import Request.
  Time since last request: 0.000198 seconds.
  path: Assets/Characters/Animations/Pro Longbow Pack/standing aim walk left.fbx
  artifactKey: Guid(7e6ecb20d3e9cc3408fbe633e8b06042) Importer(815301076,1909f56bfc062723c751e8b465ee728b)
Start importing Assets/Characters/Animations/Pro Longbow Pack/standing aim walk left.fbx using Guid(7e6ecb20d3e9cc3408fbe633e8b06042) Importer(815301076,1909f56bfc062723c751e8b465ee728b)  -> (artifact id: '382959f9ed5420f627b56649b84e7039') in 0.010698 seconds 
  Import took 0.015551 seconds .

========================================================================
Received Import Request.
  Time since last request: 0.000197 seconds.
  path: Assets/Characters/Animations/Pro Longbow Pack/standing equip bow.fbx
  artifactKey: Guid(eaafddc318bdbef4a8dd66c0de0f13e6) Importer(815301076,1909f56bfc062723c751e8b465ee728b)
Start importing Assets/Characters/Animations/Pro Longbow Pack/standing equip bow.fbx using Guid(eaafddc318bdbef4a8dd66c0de0f13e6) Importer(815301076,1909f56bfc062723c751e8b465ee728b)  -> (artifact id: 'd355ff516d13c529c6a7c66aa80ebd9c') in 0.011971 seconds 
  Import took 0.017624 seconds .

========================================================================
Received Import Request.
  Time since last request: 0.000208 seconds.
  path: Assets/Characters/Animations/Pro Longbow Pack/standing block.fbx
  artifactKey: Guid(ccdfa2ec7ac3d67449244934f9df145b) Importer(815301076,1909f56bfc062723c751e8b465ee728b)
Start importing Assets/Characters/Animations/Pro Longbow Pack/standing block.fbx using Guid(ccdfa2ec7ac3d67449244934f9df145b) Importer(815301076,1909f56bfc062723c751e8b465ee728b)  -> (artifact id: 'd528fe84269ddfb76ac0f2cd828f80a1') in 0.012775 seconds 
  Import took 0.017311 seconds .

========================================================================
Received Import Request.
  Time since last request: 0.000188 seconds.
  path: Assets/Characters/Animations/Pro Longbow Pack/standing death backward 01.fbx
  artifactKey: Guid(47b12f6723d7e704a9387deacf4ac244) Importer(815301076,1909f56bfc062723c751e8b465ee728b)
Start importing Assets/Characters/Animations/Pro Longbow Pack/standing death backward 01.fbx using Guid(47b12f6723d7e704a9387deacf4ac244) Importer(815301076,1909f56bfc062723c751e8b465ee728b)  -> (artifact id: '8c318df67e7a17398f83e9cf181a3604') in 0.011814 seconds 
  Import took 0.016341 seconds .

========================================================================
Received Import Request.
  Time since last request: 0.000217 seconds.
  path: Assets/Characters/Animations/Pro Longbow Pack/standing run forward stop.fbx
  artifactKey: Guid(a03ef5b63c5aebd4290b564075e050e5) Importer(815301076,1909f56bfc062723c751e8b465ee728b)
Start importing Assets/Characters/Animations/Pro Longbow Pack/standing run forward stop.fbx using Guid(a03ef5b63c5aebd4290b564075e050e5) Importer(815301076,1909f56bfc062723c751e8b465ee728b)  -> (artifact id: '7977011491ca7207eb0693e922c0c8b9') in 0.011270 seconds 
  Import took 0.015861 seconds .

========================================================================
Received Import Request.
  Time since last request: 0.000191 seconds.
  path: Assets/Characters/Animations/Pro Longbow Pack/standing melee punch.fbx
  artifactKey: Guid(934043352a2414641ac6df4805bea7ed) Importer(815301076,1909f56bfc062723c751e8b465ee728b)
Start importing Assets/Characters/Animations/Pro Longbow Pack/standing melee punch.fbx using Guid(934043352a2414641ac6df4805bea7ed) Importer(815301076,1909f56bfc062723c751e8b465ee728b)  -> (artifact id: '9684ac4040df72351920983fcb0c0416') in 0.011679 seconds 
  Import took 0.016419 seconds .

========================================================================
Received Import Request.
  Time since last request: 0.000228 seconds.
  path: Assets/Characters/Animations/Pro Longbow Pack/unarmed idle 01.fbx
  artifactKey: Guid(03dac0842576be14c874ce6d40f06f91) Importer(815301076,1909f56bfc062723c751e8b465ee728b)
Start importing Assets/Characters/Animations/Pro Longbow Pack/unarmed idle 01.fbx using Guid(03dac0842576be14c874ce6d40f06f91) Importer(815301076,1909f56bfc062723c751e8b465ee728b)  -> (artifact id: '4d939b42a02f22aebc0553bc028cbc8b') in 0.010879 seconds 
  Import took 0.016082 seconds .

========================================================================
Received Import Request.
  Time since last request: 0.000183 seconds.
  path: Assets/Characters/Animations/Pro Longbow Pack/standing run right.fbx
  artifactKey: Guid(bc9ce2463cd286a459b71e284c881be1) Importer(815301076,1909f56bfc062723c751e8b465ee728b)
Start importing Assets/Characters/Animations/Pro Longbow Pack/standing run right.fbx using Guid(bc9ce2463cd286a459b71e284c881be1) Importer(815301076,1909f56bfc062723c751e8b465ee728b)  -> (artifact id: '64cf433e93f61a9d5460e18c6a31001a') in 0.012878 seconds 
  Import took 0.017412 seconds .

========================================================================
Received Import Request.
  Time since last request: 0.000252 seconds.
  path: Assets/Characters/Animations/Pro Longbow Pack/standing death forward 01.fbx
  artifactKey: Guid(e91439766007b4640af58df77e27af54) Importer(815301076,1909f56bfc062723c751e8b465ee728b)
Start importing Assets/Characters/Animations/Pro Longbow Pack/standing death forward 01.fbx using Guid(e91439766007b4640af58df77e27af54) Importer(815301076,1909f56bfc062723c751e8b465ee728b)  -> (artifact id: 'cb2b1d35151e81437dd8d0212b998b86') in 0.011471 seconds 
  Import took 0.016781 seconds .

========================================================================
Received Import Request.
  Time since last request: 0.000322 seconds.
  path: Assets/Characters/Animations/Pro Longbow Pack/standing run back.fbx
  artifactKey: Guid(6a25611fc0101aa44a775deb24752d5f) Importer(815301076,1909f56bfc062723c751e8b465ee728b)
Start importing Assets/Characters/Animations/Pro Longbow Pack/standing run back.fbx using Guid(6a25611fc0101aa44a775deb24752d5f) Importer(815301076,1909f56bfc062723c751e8b465ee728b)  -> (artifact id: 'c93b3fe8baa3503a739c331ed0ecdbcc') in 0.012016 seconds 
  Import took 0.017121 seconds .

========================================================================
Received Import Request.
  Time since last request: 0.000245 seconds.
  path: Assets/Characters/Animations/Pro Longbow Pack/standing aim walk back.fbx
  artifactKey: Guid(6f00e26f3d52aca4692e5cbd84952996) Importer(815301076,1909f56bfc062723c751e8b465ee728b)
Start importing Assets/Characters/Animations/Pro Longbow Pack/standing aim walk back.fbx using Guid(6f00e26f3d52aca4692e5cbd84952996) Importer(815301076,1909f56bfc062723c751e8b465ee728b)  -> (artifact id: '9345ff43ea75b0288aee50314fdeff75') in 0.010661 seconds 
  Import took 0.015865 seconds .

========================================================================
Received Import Request.
  Time since last request: 0.000221 seconds.
  path: Assets/Characters/Animations/Pro Longbow Pack/standing aim overdraw.fbx
  artifactKey: Guid(b09424663e44d3f46aaa3a48d7b5aded) Importer(815301076,1909f56bfc062723c751e8b465ee728b)
Start importing Assets/Characters/Animations/Pro Longbow Pack/standing aim overdraw.fbx using Guid(b09424663e44d3f46aaa3a48d7b5aded) Importer(815301076,1909f56bfc062723c751e8b465ee728b)  -> (artifact id: 'b9d5f2282ad88d0cb775907712316e50') in 0.012657 seconds 
  Import took 0.017495 seconds .

========================================================================
Received Import Request.
  Time since last request: 0.000256 seconds.
  path: Assets/Characters/Animations/Pro Longbow Pack/standing idle 01.fbx
  artifactKey: Guid(d4be190524f61bb4cb14dc7f669c0170) Importer(815301076,1909f56bfc062723c751e8b465ee728b)
Start importing Assets/Characters/Animations/Pro Longbow Pack/standing idle 01.fbx using Guid(d4be190524f61bb4cb14dc7f669c0170) Importer(815301076,1909f56bfc062723c751e8b465ee728b)  -> (artifact id: '07a15f9fa7d5e908ea042e206e14917d') in 0.010981 seconds 
  Import took 0.016391 seconds .

========================================================================
Received Import Request.
  Time since last request: 0.000225 seconds.
  path: Assets/Characters/Animations/Pro Longbow Pack/standing dive forward.fbx
  artifactKey: Guid(6271eab0fe97b364c8225c61281ae3ef) Importer(815301076,1909f56bfc062723c751e8b465ee728b)
Start importing Assets/Characters/Animations/Pro Longbow Pack/standing dive forward.fbx using Guid(6271eab0fe97b364c8225c61281ae3ef) Importer(815301076,1909f56bfc062723c751e8b465ee728b)  -> (artifact id: '9f27794b26342d5e5796ac5ce259e8d1') in 0.012188 seconds 
  Import took 0.016952 seconds .

========================================================================
Received Import Request.
  Time since last request: 0.000186 seconds.
  path: Assets/Characters/Animations/Pro Longbow Pack/standing aim walk forward.fbx
  artifactKey: Guid(2ca59949279be2c4e934061ba1dc5734) Importer(815301076,1909f56bfc062723c751e8b465ee728b)
Start importing Assets/Characters/Animations/Pro Longbow Pack/standing aim walk forward.fbx using Guid(2ca59949279be2c4e934061ba1dc5734) Importer(815301076,1909f56bfc062723c751e8b465ee728b)  -> (artifact id: '5b956c257f92476eb1377fd890f5c880') in 0.011031 seconds 
  Import took 0.016525 seconds .

========================================================================
Received Import Request.
  Time since last request: 0.000209 seconds.
  path: Assets/Characters/Animations/Pro Longbow Pack/standing walk right.fbx
  artifactKey: Guid(32f90c90bb05be04ea7a2a8112d4fc68) Importer(815301076,1909f56bfc062723c751e8b465ee728b)
Start importing Assets/Characters/Animations/Pro Longbow Pack/standing walk right.fbx using Guid(32f90c90bb05be04ea7a2a8112d4fc68) Importer(815301076,1909f56bfc062723c751e8b465ee728b)  -> (artifact id: 'd235b7f55af61e5f2dd3fce6542a0f51') in 0.011516 seconds 
  Import took 0.016485 seconds .

========================================================================
Received Import Request.
  Time since last request: 0.000219 seconds.
  path: Assets/Characters/Animations/Pro Longbow Pack/standing walk back.fbx
  artifactKey: Guid(d814178773933bd4da512771f24fc0e1) Importer(815301076,1909f56bfc062723c751e8b465ee728b)
Start importing Assets/Characters/Animations/Pro Longbow Pack/standing walk back.fbx using Guid(d814178773933bd4da512771f24fc0e1) Importer(815301076,1909f56bfc062723c751e8b465ee728b)  -> (artifact id: '7d7d87c95ab2edb58afab9174eb4f6b6') in 0.011388 seconds 
  Import took 0.016387 seconds .

========================================================================
Received Import Request.
  Time since last request: 0.000246 seconds.
  path: Assets/Characters/Animations/Pro Longbow Pack/standing react small from headshot.fbx
  artifactKey: Guid(6f474372582544e4bb1722a75c2363e9) Importer(815301076,1909f56bfc062723c751e8b465ee728b)
Start importing Assets/Characters/Animations/Pro Longbow Pack/standing react small from headshot.fbx using Guid(6f474372582544e4bb1722a75c2363e9) Importer(815301076,1909f56bfc062723c751e8b465ee728b)  -> (artifact id: '0fe0cba2928e5d1a1af85fa15c8821de') in 0.012047 seconds 
  Import took 0.017008 seconds .

========================================================================
Received Import Request.
  Time since last request: 0.000201 seconds.
  path: Assets/Characters/Animations/Pro Longbow Pack/standing turn 90 right.fbx
  artifactKey: Guid(8a10057cb19fca1489859c0e98f5aa15) Importer(815301076,1909f56bfc062723c751e8b465ee728b)
Start importing Assets/Characters/Animations/Pro Longbow Pack/standing turn 90 right.fbx using Guid(8a10057cb19fca1489859c0e98f5aa15) Importer(815301076,1909f56bfc062723c751e8b465ee728b)  -> (artifact id: '7c2ca8316def9b260d4997b254641de5') in 0.010833 seconds 
  Import took 0.015196 seconds .

========================================================================
Received Import Request.
  Time since last request: 0.000182 seconds.
  path: Assets/Characters/Animations/Pro Longbow Pack/standing melee kick.fbx
  artifactKey: Guid(d67a59f1bf57876459344d6a3fad2b33) Importer(815301076,1909f56bfc062723c751e8b465ee728b)
Start importing Assets/Characters/Animations/Pro Longbow Pack/standing melee kick.fbx using Guid(d67a59f1bf57876459344d6a3fad2b33) Importer(815301076,1909f56bfc062723c751e8b465ee728b)  -> (artifact id: 'fc31dbded9a10b542944f5d78e85397b') in 0.011081 seconds 
  Import took 0.015754 seconds .

========================================================================
Received Import Request.
  Time since last request: 0.000216 seconds.
  path: Assets/Characters/Animations/Pro Longbow Pack/standing react small from front.fbx
  artifactKey: Guid(4e653f52ae0e5594184a676ca5b294dd) Importer(815301076,1909f56bfc062723c751e8b465ee728b)
Start importing Assets/Characters/Animations/Pro Longbow Pack/standing react small from front.fbx using Guid(4e653f52ae0e5594184a676ca5b294dd) Importer(815301076,1909f56bfc062723c751e8b465ee728b)  -> (artifact id: '9a27ae4ae6435a9783657546c1820478') in 0.012334 seconds 
  Import took 0.017477 seconds .

========================================================================
Received Import Request.
  Time since last request: 29.610114 seconds.
  path: Assets/Scripts/Player/PlayerController.cs
  artifactKey: Guid(9955122f8f5ab874bb48d1f529eef4ab) Importer(815301076,1909f56bfc062723c751e8b465ee728b)
Start importing Assets/Scripts/Player/PlayerController.cs using Guid(9955122f8f5ab874bb48d1f529eef4ab) Importer(815301076,1909f56bfc062723c751e8b465ee728b)  -> (artifact id: 'b5ed5c7fb0dbbac5592bb28022c5e568') in 0.005890 seconds 
  Import took 0.011435 seconds .

========================================================================
Received Import Request.
  Time since last request: 2.118897 seconds.
  path: Assets/Scripts/Player/PlayerMovement.cs
  artifactKey: Guid(b3c7f075c1b6d1b4abc744b5573710a6) Importer(815301076,1909f56bfc062723c751e8b465ee728b)
Start importing Assets/Scripts/Player/PlayerMovement.cs using Guid(b3c7f075c1b6d1b4abc744b5573710a6) Importer(815301076,1909f56bfc062723c751e8b465ee728b)  -> (artifact id: '49c1887bff549a01e7ea475fd24e33f8') in 0.005949 seconds 
  Import took 0.010498 seconds .

========================================================================
Received Prepare
Registering precompiled user dll's ...
Registered in 0.005019 seconds.
Begin MonoManager ReloadAssembly
Native extension for WindowsStandalone target not found
Refreshing native plugins compatible for Editor in 0.73 ms, found 2 plugins.
Preloading 0 native plugins for Editor in 0.00 ms.
[ScriptCompilation] NOT recompiling all scripts because this is an import worker process. Reason to compile was: Define symbols changed
Mono: successfully reloaded assembly
- Completed reload, in  1.082 seconds
Domain Reload Profiling:
	ReloadAssembly (1082ms)
		BeginReloadAssembly (142ms)
			ExecutionOrderSort (0ms)
			DisableScriptedObjects (6ms)
			BackupInstance (0ms)
			ReleaseScriptingObjects (0ms)
			CreateAndSetChildDomain (54ms)
		EndReloadAssembly (859ms)
			LoadAssemblies (95ms)
			RebuildTransferFunctionScriptingTraits (0ms)
			SetupTypeCache (312ms)
			ReleaseScriptCaches (1ms)
			RebuildScriptCaches (40ms)
			SetupLoadedEditorAssemblies (285ms)
				LogAssemblyErrors (0ms)
				InitializePlatformSupportModulesInManaged (4ms)
				SetLoadedEditorAssemblies (0ms)
				RefreshPlugins (1ms)
				BeforeProcessingInitializeOnLoad (78ms)
				ProcessInitializeOnLoadAttributes (189ms)
				ProcessInitializeOnLoadMethodAttributes (7ms)
				AfterProcessingInitializeOnLoad (5ms)
				EditorAssembliesLoaded (0ms)
			ExecutionOrderSort2 (0ms)
			AwakeInstancesAfterBackupRestoration (14ms)
Platform modules already initialized, skipping
Refreshing native plugins compatible for Editor in 0.83 ms, found 2 plugins.
Preloading 0 native plugins for Editor in 0.00 ms.
Unloading 2834 Unused Serialized files (Serialized files now loaded: 0)
System memory in use before: 152.7 MB.
System memory in use after: 148.4 MB.

Unloading 37 unused Assets to reduce memory usage. Loaded Objects now: 3487.
Total: 6.338200 ms (FindLiveObjects: 0.315600 ms CreateObjectMapping: 0.085300 ms MarkObjects: 3.571300 ms  DeleteObjects: 2.364400 ms)

AssetImportParameters requested are different than current active one (requested -> active):
  custom:framework-win-MediaFoundation: 216162199b28c13a410421893ffa2e32 -> 
  custom:video-decoder-ogg-theora: a1e56fd34408186e4bbccfd4996cb3dc -> 
  custom:container-muxer-webm: aa71ff27fc2769a1b78a27578f13a17b -> 
  custom:container-demuxer-webm: 4f35f7cbe854078d1ac9338744f61a02 -> 
  custom:container-demuxer-ogg: 62fdf1f143b41e24485cea50d1cbac27 -> 
  custom:video-encoder-webm-vp8: eb34c28f22e8b96e1ab97ce403110664 -> 
  custom:video-decoder-webm-vp8: 9c59270c3fd7afecdb556c50c9e8de78 -> 
  custom:audio-decoder-ogg-vorbis: bf7c407c2cedff20999df2af8eb42d56 -> 
  custom:audio-encoder-webm-vorbis: bf7c407c2cedff20999df2af8eb42d56 -> 
========================================================================
Received Import Request.
  Time since last request: 11.497097 seconds.
  path: Assets/Scripts/Player/MouseLook.cs
  artifactKey: Guid(93b0a5ba065f8d049aa1ef9334f1a782) Importer(815301076,1909f56bfc062723c751e8b465ee728b)
Start importing Assets/Scripts/Player/MouseLook.cs using Guid(93b0a5ba065f8d049aa1ef9334f1a782) Importer(815301076,1909f56bfc062723c751e8b465ee728b)  -> (artifact id: '4f1a14ac7361116d7bfe17479879f710') in 0.009761 seconds 
  Import took 0.014477 seconds .

========================================================================
Received Prepare
Registering precompiled user dll's ...
Registered in 0.007776 seconds.
Begin MonoManager ReloadAssembly
Native extension for WindowsStandalone target not found
Refreshing native plugins compatible for Editor in 1.03 ms, found 2 plugins.
Preloading 0 native plugins for Editor in 0.00 ms.
[ScriptCompilation] NOT recompiling all scripts because this is an import worker process. Reason to compile was: Define symbols changed
Mono: successfully reloaded assembly
- Completed reload, in  1.125 seconds
Domain Reload Profiling:
	ReloadAssembly (1125ms)
		BeginReloadAssembly (133ms)
			ExecutionOrderSort (0ms)
			DisableScriptedObjects (6ms)
			BackupInstance (0ms)
			ReleaseScriptingObjects (0ms)
			CreateAndSetChildDomain (45ms)
		EndReloadAssembly (917ms)
			LoadAssemblies (97ms)
			RebuildTransferFunctionScriptingTraits (0ms)
			SetupTypeCache (343ms)
			ReleaseScriptCaches (1ms)
			RebuildScriptCaches (41ms)
			SetupLoadedEditorAssemblies (292ms)
				LogAssemblyErrors (0ms)
				InitializePlatformSupportModulesInManaged (7ms)
				SetLoadedEditorAssemblies (1ms)
				RefreshPlugins (1ms)
				BeforeProcessingInitializeOnLoad (81ms)
				ProcessInitializeOnLoadAttributes (189ms)
				ProcessInitializeOnLoadMethodAttributes (7ms)
				AfterProcessingInitializeOnLoad (5ms)
				EditorAssembliesLoaded (0ms)
			ExecutionOrderSort2 (0ms)
			AwakeInstancesAfterBackupRestoration (16ms)
Platform modules already initialized, skipping
Refreshing native plugins compatible for Editor in 0.71 ms, found 2 plugins.
Preloading 0 native plugins for Editor in 0.00 ms.
Unloading 2833 Unused Serialized files (Serialized files now loaded: 0)
System memory in use before: 152.5 MB.
System memory in use after: 148.4 MB.

Unloading 37 unused Assets to reduce memory usage. Loaded Objects now: 3488.
Total: 6.540200 ms (FindLiveObjects: 0.437700 ms CreateObjectMapping: 0.088400 ms MarkObjects: 3.698200 ms  DeleteObjects: 2.314500 ms)

AssetImportParameters requested are different than current active one (requested -> active):
  custom:framework-win-MediaFoundation: 216162199b28c13a410421893ffa2e32 -> 
  custom:video-decoder-ogg-theora: a1e56fd34408186e4bbccfd4996cb3dc -> 
  custom:container-muxer-webm: aa71ff27fc2769a1b78a27578f13a17b -> 
  custom:container-demuxer-webm: 4f35f7cbe854078d1ac9338744f61a02 -> 
  custom:container-demuxer-ogg: 62fdf1f143b41e24485cea50d1cbac27 -> 
  custom:video-encoder-webm-vp8: eb34c28f22e8b96e1ab97ce403110664 -> 
  custom:video-decoder-webm-vp8: 9c59270c3fd7afecdb556c50c9e8de78 -> 
  custom:audio-decoder-ogg-vorbis: bf7c407c2cedff20999df2af8eb42d56 -> 
  custom:audio-encoder-webm-vorbis: bf7c407c2cedff20999df2af8eb42d56 -> 
========================================================================
Received Import Request.
  Time since last request: 108.418957 seconds.
  path: Assets/Characters/Animations/Movement.controller
  artifactKey: Guid(14e07fa31c27e1041be6dd9973997128) Importer(815301076,1909f56bfc062723c751e8b465ee728b)
Start importing Assets/Characters/Animations/Movement.controller using Guid(14e07fa31c27e1041be6dd9973997128) Importer(815301076,1909f56bfc062723c751e8b465ee728b)  -> (artifact id: '4e080512bcc1b23541bada4ad94e7797') in 0.044107 seconds 
  Import took 0.049650 seconds .

========================================================================
Received Import Request.
  Time since last request: 44.465426 seconds.
  path: ProjectSettings/TagManager.asset
  artifactKey: Guid(00000000000000003000000000000000) Importer(815301076,1909f56bfc062723c751e8b465ee728b)
Start importing ProjectSettings/TagManager.asset using Guid(00000000000000003000000000000000) Importer(815301076,1909f56bfc062723c751e8b465ee728b)  -> (artifact id: '0e29257c6fccda954b6e2150883ecdf0') in 0.007841 seconds 
  Import took 0.012491 seconds .

========================================================================
Received Prepare
Registering precompiled user dll's ...
Registered in 0.005029 seconds.
Begin MonoManager ReloadAssembly
Native extension for WindowsStandalone target not found
Refreshing native plugins compatible for Editor in 0.65 ms, found 2 plugins.
Preloading 0 native plugins for Editor in 0.00 ms.
[ScriptCompilation] NOT recompiling all scripts because this is an import worker process. Reason to compile was: Define symbols changed
Mono: successfully reloaded assembly
- Completed reload, in  1.020 seconds
Domain Reload Profiling:
	ReloadAssembly (1021ms)
		BeginReloadAssembly (107ms)
			ExecutionOrderSort (0ms)
			DisableScriptedObjects (4ms)
			BackupInstance (0ms)
			ReleaseScriptingObjects (0ms)
			CreateAndSetChildDomain (34ms)
		EndReloadAssembly (851ms)
			LoadAssemblies (81ms)
			RebuildTransferFunctionScriptingTraits (0ms)
			SetupTypeCache (304ms)
			ReleaseScriptCaches (1ms)
			RebuildScriptCaches (39ms)
			SetupLoadedEditorAssemblies (295ms)
				LogAssemblyErrors (0ms)
				InitializePlatformSupportModulesInManaged (4ms)
				SetLoadedEditorAssemblies (0ms)
				RefreshPlugins (1ms)
				BeforeProcessingInitializeOnLoad (79ms)
				ProcessInitializeOnLoadAttributes (197ms)
				ProcessInitializeOnLoadMethodAttributes (8ms)
				AfterProcessingInitializeOnLoad (6ms)
				EditorAssembliesLoaded (0ms)
			ExecutionOrderSort2 (0ms)
			AwakeInstancesAfterBackupRestoration (16ms)
Platform modules already initialized, skipping
Refreshing native plugins compatible for Editor in 0.66 ms, found 2 plugins.
Preloading 0 native plugins for Editor in 0.00 ms.
Unloading 2833 Unused Serialized files (Serialized files now loaded: 0)
System memory in use before: 152.5 MB.
System memory in use after: 148.4 MB.

Unloading 37 unused Assets to reduce memory usage. Loaded Objects now: 3490.
Total: 6.069400 ms (FindLiveObjects: 0.343700 ms CreateObjectMapping: 0.091100 ms MarkObjects: 3.142200 ms  DeleteObjects: 2.490900 ms)

AssetImportParameters requested are different than current active one (requested -> active):
  custom:framework-win-MediaFoundation: 216162199b28c13a410421893ffa2e32 -> 
  custom:video-decoder-ogg-theora: a1e56fd34408186e4bbccfd4996cb3dc -> 
  custom:container-muxer-webm: aa71ff27fc2769a1b78a27578f13a17b -> 
  custom:container-demuxer-webm: 4f35f7cbe854078d1ac9338744f61a02 -> 
  custom:container-demuxer-ogg: 62fdf1f143b41e24485cea50d1cbac27 -> 
  custom:video-encoder-webm-vp8: eb34c28f22e8b96e1ab97ce403110664 -> 
  custom:video-decoder-webm-vp8: 9c59270c3fd7afecdb556c50c9e8de78 -> 
  custom:audio-decoder-ogg-vorbis: bf7c407c2cedff20999df2af8eb42d56 -> 
  custom:audio-encoder-webm-vorbis: bf7c407c2cedff20999df2af8eb42d56 -> 
========================================================================
Received Prepare
Registering precompiled user dll's ...
Registered in 0.003896 seconds.
Begin MonoManager ReloadAssembly
Native extension for WindowsStandalone target not found
Refreshing native plugins compatible for Editor in 1.15 ms, found 2 plugins.
Preloading 0 native plugins for Editor in 0.00 ms.
[ScriptCompilation] NOT recompiling all scripts because this is an import worker process. Reason to compile was: Define symbols changed
Mono: successfully reloaded assembly
- Completed reload, in  1.037 seconds
Domain Reload Profiling:
	ReloadAssembly (1037ms)
		BeginReloadAssembly (115ms)
			ExecutionOrderSort (0ms)
			DisableScriptedObjects (5ms)
			BackupInstance (0ms)
			ReleaseScriptingObjects (0ms)
			CreateAndSetChildDomain (39ms)
		EndReloadAssembly (842ms)
			LoadAssemblies (87ms)
			RebuildTransferFunctionScriptingTraits (0ms)
			SetupTypeCache (294ms)
			ReleaseScriptCaches (2ms)
			RebuildScriptCaches (40ms)
			SetupLoadedEditorAssemblies (293ms)
				LogAssemblyErrors (0ms)
				InitializePlatformSupportModulesInManaged (5ms)
				SetLoadedEditorAssemblies (1ms)
				RefreshPlugins (1ms)
				BeforeProcessingInitializeOnLoad (86ms)
				ProcessInitializeOnLoadAttributes (188ms)
				ProcessInitializeOnLoadMethodAttributes (7ms)
				AfterProcessingInitializeOnLoad (5ms)
				EditorAssembliesLoaded (0ms)
			ExecutionOrderSort2 (0ms)
			AwakeInstancesAfterBackupRestoration (15ms)
Platform modules already initialized, skipping
Refreshing native plugins compatible for Editor in 0.72 ms, found 2 plugins.
Preloading 0 native plugins for Editor in 0.00 ms.
Unloading 2833 Unused Serialized files (Serialized files now loaded: 0)
System memory in use before: 152.7 MB.
System memory in use after: 148.4 MB.

Unloading 36 unused Assets to reduce memory usage. Loaded Objects now: 3492.
Total: 6.562900 ms (FindLiveObjects: 0.311100 ms CreateObjectMapping: 0.086500 ms MarkObjects: 3.160600 ms  DeleteObjects: 3.003700 ms)

AssetImportParameters requested are different than current active one (requested -> active):
  custom:framework-win-MediaFoundation: 216162199b28c13a410421893ffa2e32 -> 
  custom:video-decoder-ogg-theora: a1e56fd34408186e4bbccfd4996cb3dc -> 
  custom:container-muxer-webm: aa71ff27fc2769a1b78a27578f13a17b -> 
  custom:container-demuxer-webm: 4f35f7cbe854078d1ac9338744f61a02 -> 
  custom:container-demuxer-ogg: 62fdf1f143b41e24485cea50d1cbac27 -> 
  custom:video-encoder-webm-vp8: eb34c28f22e8b96e1ab97ce403110664 -> 
  custom:video-decoder-webm-vp8: 9c59270c3fd7afecdb556c50c9e8de78 -> 
  custom:audio-decoder-ogg-vorbis: bf7c407c2cedff20999df2af8eb42d56 -> 
  custom:audio-encoder-webm-vorbis: bf7c407c2cedff20999df2af8eb42d56 -> 
========================================================================
Received Prepare
Registering precompiled user dll's ...
Registered in 0.004388 seconds.
Begin MonoManager ReloadAssembly
Native extension for WindowsStandalone target not found
Refreshing native plugins compatible for Editor in 1.04 ms, found 2 plugins.
Preloading 0 native plugins for Editor in 0.00 ms.
[ScriptCompilation] NOT recompiling all scripts because this is an import worker process. Reason to compile was: Define symbols changed
Mono: successfully reloaded assembly
- Completed reload, in  1.275 seconds
Domain Reload Profiling:
	ReloadAssembly (1275ms)
		BeginReloadAssembly (117ms)
			ExecutionOrderSort (0ms)
			DisableScriptedObjects (6ms)
			BackupInstance (0ms)
			ReleaseScriptingObjects (0ms)
			CreateAndSetChildDomain (39ms)
		EndReloadAssembly (1093ms)
			LoadAssemblies (91ms)
			RebuildTransferFunctionScriptingTraits (0ms)
			SetupTypeCache (343ms)
			ReleaseScriptCaches (2ms)
			RebuildScriptCaches (48ms)
			SetupLoadedEditorAssemblies (438ms)
				LogAssemblyErrors (0ms)
				InitializePlatformSupportModulesInManaged (4ms)
				SetLoadedEditorAssemblies (1ms)
				RefreshPlugins (1ms)
				BeforeProcessingInitializeOnLoad (98ms)
				ProcessInitializeOnLoadAttributes (310ms)
				ProcessInitializeOnLoadMethodAttributes (13ms)
				AfterProcessingInitializeOnLoad (10ms)
				EditorAssembliesLoaded (1ms)
			ExecutionOrderSort2 (0ms)
			AwakeInstancesAfterBackupRestoration (23ms)
Platform modules already initialized, skipping
Refreshing native plugins compatible for Editor in 0.84 ms, found 2 plugins.
Preloading 0 native plugins for Editor in 0.00 ms.
Unloading 2833 Unused Serialized files (Serialized files now loaded: 0)
System memory in use before: 152.7 MB.
System memory in use after: 148.4 MB.

Unloading 36 unused Assets to reduce memory usage. Loaded Objects now: 3494.
Total: 7.242500 ms (FindLiveObjects: 0.369300 ms CreateObjectMapping: 0.084100 ms MarkObjects: 4.078100 ms  DeleteObjects: 2.709600 ms)

AssetImportParameters requested are different than current active one (requested -> active):
  custom:framework-win-MediaFoundation: 216162199b28c13a410421893ffa2e32 -> 
  custom:video-decoder-ogg-theora: a1e56fd34408186e4bbccfd4996cb3dc -> 
  custom:container-muxer-webm: aa71ff27fc2769a1b78a27578f13a17b -> 
  custom:container-demuxer-webm: 4f35f7cbe854078d1ac9338744f61a02 -> 
  custom:container-demuxer-ogg: 62fdf1f143b41e24485cea50d1cbac27 -> 
  custom:video-encoder-webm-vp8: eb34c28f22e8b96e1ab97ce403110664 -> 
  custom:video-decoder-webm-vp8: 9c59270c3fd7afecdb556c50c9e8de78 -> 
  custom:audio-decoder-ogg-vorbis: bf7c407c2cedff20999df2af8eb42d56 -> 
  custom:audio-encoder-webm-vorbis: bf7c407c2cedff20999df2af8eb42d56 -> 
========================================================================
Received Prepare
Registering precompiled user dll's ...
Registered in 0.003858 seconds.
Begin MonoManager ReloadAssembly
Native extension for WindowsStandalone target not found
Refreshing native plugins compatible for Editor in 0.77 ms, found 2 plugins.
Preloading 0 native plugins for Editor in 0.00 ms.
[ScriptCompilation] NOT recompiling all scripts because this is an import worker process. Reason to compile was: Define symbols changed
Mono: successfully reloaded assembly
- Completed reload, in  1.074 seconds
Domain Reload Profiling:
	ReloadAssembly (1075ms)
		BeginReloadAssembly (104ms)
			ExecutionOrderSort (0ms)
			DisableScriptedObjects (5ms)
			BackupInstance (0ms)
			ReleaseScriptingObjects (0ms)
			CreateAndSetChildDomain (36ms)
		EndReloadAssembly (908ms)
			LoadAssemblies (84ms)
			RebuildTransferFunctionScriptingTraits (0ms)
			SetupTypeCache (313ms)
			ReleaseScriptCaches (1ms)
			RebuildScriptCaches (43ms)
			SetupLoadedEditorAssemblies (320ms)
				LogAssemblyErrors (0ms)
				InitializePlatformSupportModulesInManaged (4ms)
				SetLoadedEditorAssemblies (1ms)
				RefreshPlugins (1ms)
				BeforeProcessingInitializeOnLoad (88ms)
				ProcessInitializeOnLoadAttributes (212ms)
				ProcessInitializeOnLoadMethodAttributes (8ms)
				AfterProcessingInitializeOnLoad (6ms)
				EditorAssembliesLoaded (0ms)
			ExecutionOrderSort2 (0ms)
			AwakeInstancesAfterBackupRestoration (17ms)
Platform modules already initialized, skipping
Refreshing native plugins compatible for Editor in 1.05 ms, found 2 plugins.
Preloading 0 native plugins for Editor in 0.00 ms.
Unloading 2833 Unused Serialized files (Serialized files now loaded: 0)
System memory in use before: 152.8 MB.
System memory in use after: 148.4 MB.

Unloading 36 unused Assets to reduce memory usage. Loaded Objects now: 3496.
Total: 7.322800 ms (FindLiveObjects: 0.438200 ms CreateObjectMapping: 0.111900 ms MarkObjects: 3.964300 ms  DeleteObjects: 2.806500 ms)

AssetImportParameters requested are different than current active one (requested -> active):
  custom:framework-win-MediaFoundation: 216162199b28c13a410421893ffa2e32 -> 
  custom:video-decoder-ogg-theora: a1e56fd34408186e4bbccfd4996cb3dc -> 
  custom:container-muxer-webm: aa71ff27fc2769a1b78a27578f13a17b -> 
  custom:container-demuxer-webm: 4f35f7cbe854078d1ac9338744f61a02 -> 
  custom:container-demuxer-ogg: 62fdf1f143b41e24485cea50d1cbac27 -> 
  custom:video-encoder-webm-vp8: eb34c28f22e8b96e1ab97ce403110664 -> 
  custom:video-decoder-webm-vp8: 9c59270c3fd7afecdb556c50c9e8de78 -> 
  custom:audio-decoder-ogg-vorbis: bf7c407c2cedff20999df2af8eb42d56 -> 
  custom:audio-encoder-webm-vorbis: bf7c407c2cedff20999df2af8eb42d56 -> 
========================================================================
Received Prepare
Registering precompiled user dll's ...
Registered in 0.005304 seconds.
Begin MonoManager ReloadAssembly
Native extension for WindowsStandalone target not found
Refreshing native plugins compatible for Editor in 0.68 ms, found 2 plugins.
Preloading 0 native plugins for Editor in 0.00 ms.
[ScriptCompilation] NOT recompiling all scripts because this is an import worker process. Reason to compile was: Define symbols changed
Mono: successfully reloaded assembly
- Completed reload, in  1.167 seconds
Domain Reload Profiling:
	ReloadAssembly (1167ms)
		BeginReloadAssembly (122ms)
			ExecutionOrderSort (0ms)
			DisableScriptedObjects (6ms)
			BackupInstance (0ms)
			ReleaseScriptingObjects (0ms)
			CreateAndSetChildDomain (37ms)
		EndReloadAssembly (978ms)
			LoadAssemblies (92ms)
			RebuildTransferFunctionScriptingTraits (0ms)
			SetupTypeCache (339ms)
			ReleaseScriptCaches (1ms)
			RebuildScriptCaches (46ms)
			SetupLoadedEditorAssemblies (345ms)
				LogAssemblyErrors (0ms)
				InitializePlatformSupportModulesInManaged (5ms)
				SetLoadedEditorAssemblies (0ms)
				RefreshPlugins (1ms)
				BeforeProcessingInitializeOnLoad (93ms)
				ProcessInitializeOnLoadAttributes (232ms)
				ProcessInitializeOnLoadMethodAttributes (9ms)
				AfterProcessingInitializeOnLoad (6ms)
				EditorAssembliesLoaded (0ms)
			ExecutionOrderSort2 (0ms)
			AwakeInstancesAfterBackupRestoration (18ms)
Platform modules already initialized, skipping
Refreshing native plugins compatible for Editor in 1.06 ms, found 2 plugins.
Preloading 0 native plugins for Editor in 0.00 ms.
Unloading 2833 Unused Serialized files (Serialized files now loaded: 0)
System memory in use before: 152.8 MB.
System memory in use after: 148.4 MB.

Unloading 36 unused Assets to reduce memory usage. Loaded Objects now: 3498.
Total: 7.789600 ms (FindLiveObjects: 0.335200 ms CreateObjectMapping: 0.085900 ms MarkObjects: 3.887600 ms  DeleteObjects: 3.478900 ms)

AssetImportParameters requested are different than current active one (requested -> active):
  custom:framework-win-MediaFoundation: 216162199b28c13a410421893ffa2e32 -> 
  custom:video-decoder-ogg-theora: a1e56fd34408186e4bbccfd4996cb3dc -> 
  custom:container-muxer-webm: aa71ff27fc2769a1b78a27578f13a17b -> 
  custom:container-demuxer-webm: 4f35f7cbe854078d1ac9338744f61a02 -> 
  custom:container-demuxer-ogg: 62fdf1f143b41e24485cea50d1cbac27 -> 
  custom:video-encoder-webm-vp8: eb34c28f22e8b96e1ab97ce403110664 -> 
  custom:video-decoder-webm-vp8: 9c59270c3fd7afecdb556c50c9e8de78 -> 
  custom:audio-decoder-ogg-vorbis: bf7c407c2cedff20999df2af8eb42d56 -> 
  custom:audio-encoder-webm-vorbis: bf7c407c2cedff20999df2af8eb42d56 -> 
========================================================================
Received Prepare
Registering precompiled user dll's ...
Registered in 0.005194 seconds.
Begin MonoManager ReloadAssembly
Native extension for WindowsStandalone target not found
Refreshing native plugins compatible for Editor in 1.31 ms, found 2 plugins.
Preloading 0 native plugins for Editor in 0.00 ms.
[ScriptCompilation] NOT recompiling all scripts because this is an import worker process. Reason to compile was: Define symbols changed
Mono: successfully reloaded assembly
- Completed reload, in  1.421 seconds
Domain Reload Profiling:
	ReloadAssembly (1422ms)
		BeginReloadAssembly (122ms)
			ExecutionOrderSort (0ms)
			DisableScriptedObjects (5ms)
			BackupInstance (0ms)
			ReleaseScriptingObjects (0ms)
			CreateAndSetChildDomain (36ms)
		EndReloadAssembly (1235ms)
			LoadAssemblies (90ms)
			RebuildTransferFunctionScriptingTraits (0ms)
			SetupTypeCache (384ms)
			ReleaseScriptCaches (2ms)
			RebuildScriptCaches (53ms)
			SetupLoadedEditorAssemblies (528ms)
				LogAssemblyErrors (0ms)
				InitializePlatformSupportModulesInManaged (7ms)
				SetLoadedEditorAssemblies (1ms)
				RefreshPlugins (1ms)
				BeforeProcessingInitializeOnLoad (146ms)
				ProcessInitializeOnLoadAttributes (354ms)
				ProcessInitializeOnLoadMethodAttributes (10ms)
				AfterProcessingInitializeOnLoad (7ms)
				EditorAssembliesLoaded (0ms)
			ExecutionOrderSort2 (0ms)
			AwakeInstancesAfterBackupRestoration (21ms)
Platform modules already initialized, skipping
Refreshing native plugins compatible for Editor in 0.74 ms, found 2 plugins.
Preloading 0 native plugins for Editor in 0.00 ms.
Unloading 2833 Unused Serialized files (Serialized files now loaded: 0)
System memory in use before: 152.8 MB.
System memory in use after: 148.5 MB.

Unloading 36 unused Assets to reduce memory usage. Loaded Objects now: 3500.
Total: 8.617300 ms (FindLiveObjects: 0.637600 ms CreateObjectMapping: 0.129800 ms MarkObjects: 4.031800 ms  DeleteObjects: 3.816300 ms)

AssetImportParameters requested are different than current active one (requested -> active):
  custom:framework-win-MediaFoundation: 216162199b28c13a410421893ffa2e32 -> 
  custom:video-decoder-ogg-theora: a1e56fd34408186e4bbccfd4996cb3dc -> 
  custom:container-muxer-webm: aa71ff27fc2769a1b78a27578f13a17b -> 
  custom:container-demuxer-webm: 4f35f7cbe854078d1ac9338744f61a02 -> 
  custom:container-demuxer-ogg: 62fdf1f143b41e24485cea50d1cbac27 -> 
  custom:video-encoder-webm-vp8: eb34c28f22e8b96e1ab97ce403110664 -> 
  custom:video-decoder-webm-vp8: 9c59270c3fd7afecdb556c50c9e8de78 -> 
  custom:audio-decoder-ogg-vorbis: bf7c407c2cedff20999df2af8eb42d56 -> 
  custom:audio-encoder-webm-vorbis: bf7c407c2cedff20999df2af8eb42d56 -> 
========================================================================
Received Prepare
Registering precompiled user dll's ...
Registered in 0.003748 seconds.
Begin MonoManager ReloadAssembly
Native extension for WindowsStandalone target not found
Refreshing native plugins compatible for Editor in 0.77 ms, found 2 plugins.
Preloading 0 native plugins for Editor in 0.00 ms.
[ScriptCompilation] NOT recompiling all scripts because this is an import worker process. Reason to compile was: Define symbols changed
Mono: successfully reloaded assembly
- Completed reload, in  0.990 seconds
Domain Reload Profiling:
	ReloadAssembly (990ms)
		BeginReloadAssembly (115ms)
			ExecutionOrderSort (0ms)
			DisableScriptedObjects (10ms)
			BackupInstance (0ms)
			ReleaseScriptingObjects (0ms)
			CreateAndSetChildDomain (32ms)
		EndReloadAssembly (817ms)
			LoadAssemblies (76ms)
			RebuildTransferFunctionScriptingTraits (0ms)
			SetupTypeCache (292ms)
			ReleaseScriptCaches (1ms)
			RebuildScriptCaches (40ms)
			SetupLoadedEditorAssemblies (279ms)
				LogAssemblyErrors (0ms)
				InitializePlatformSupportModulesInManaged (4ms)
				SetLoadedEditorAssemblies (0ms)
				RefreshPlugins (1ms)
				BeforeProcessingInitializeOnLoad (80ms)
				ProcessInitializeOnLoadAttributes (181ms)
				ProcessInitializeOnLoadMethodAttributes (8ms)
				AfterProcessingInitializeOnLoad (5ms)
				EditorAssembliesLoaded (0ms)
			ExecutionOrderSort2 (0ms)
			AwakeInstancesAfterBackupRestoration (15ms)
Platform modules already initialized, skipping
Refreshing native plugins compatible for Editor in 1.06 ms, found 2 plugins.
Preloading 0 native plugins for Editor in 0.00 ms.
Unloading 2833 Unused Serialized files (Serialized files now loaded: 0)
System memory in use before: 152.8 MB.
System memory in use after: 148.5 MB.

Unloading 36 unused Assets to reduce memory usage. Loaded Objects now: 3502.
Total: 6.927200 ms (FindLiveObjects: 0.405500 ms CreateObjectMapping: 0.088700 ms MarkObjects: 3.627000 ms  DeleteObjects: 2.804300 ms)

AssetImportParameters requested are different than current active one (requested -> active):
  custom:framework-win-MediaFoundation: 216162199b28c13a410421893ffa2e32 -> 
  custom:video-decoder-ogg-theora: a1e56fd34408186e4bbccfd4996cb3dc -> 
  custom:container-muxer-webm: aa71ff27fc2769a1b78a27578f13a17b -> 
  custom:container-demuxer-webm: 4f35f7cbe854078d1ac9338744f61a02 -> 
  custom:container-demuxer-ogg: 62fdf1f143b41e24485cea50d1cbac27 -> 
  custom:video-encoder-webm-vp8: eb34c28f22e8b96e1ab97ce403110664 -> 
  custom:video-decoder-webm-vp8: 9c59270c3fd7afecdb556c50c9e8de78 -> 
  custom:audio-decoder-ogg-vorbis: bf7c407c2cedff20999df2af8eb42d56 -> 
  custom:audio-encoder-webm-vorbis: bf7c407c2cedff20999df2af8eb42d56 -> 
========================================================================
Received Prepare
Registering precompiled user dll's ...
Registered in 0.003685 seconds.
Begin MonoManager ReloadAssembly
Native extension for WindowsStandalone target not found
Refreshing native plugins compatible for Editor in 0.69 ms, found 2 plugins.
Preloading 0 native plugins for Editor in 0.00 ms.
[ScriptCompilation] NOT recompiling all scripts because this is an import worker process. Reason to compile was: Define symbols changed
Mono: successfully reloaded assembly
- Completed reload, in  0.969 seconds
Domain Reload Profiling:
	ReloadAssembly (969ms)
		BeginReloadAssembly (108ms)
			ExecutionOrderSort (0ms)
			DisableScriptedObjects (7ms)
			BackupInstance (0ms)
			ReleaseScriptingObjects (0ms)
			CreateAndSetChildDomain (33ms)
		EndReloadAssembly (802ms)
			LoadAssemblies (76ms)
			RebuildTransferFunctionScriptingTraits (0ms)
			SetupTypeCache (287ms)
			ReleaseScriptCaches (1ms)
			RebuildScriptCaches (39ms)
			SetupLoadedEditorAssemblies (274ms)
				LogAssemblyErrors (0ms)
				InitializePlatformSupportModulesInManaged (4ms)
				SetLoadedEditorAssemblies (0ms)
				RefreshPlugins (1ms)
				BeforeProcessingInitializeOnLoad (77ms)
				ProcessInitializeOnLoadAttributes (180ms)
				ProcessInitializeOnLoadMethodAttributes (7ms)
				AfterProcessingInitializeOnLoad (5ms)
				EditorAssembliesLoaded (0ms)
			ExecutionOrderSort2 (0ms)
			AwakeInstancesAfterBackupRestoration (15ms)
Platform modules already initialized, skipping
Refreshing native plugins compatible for Editor in 0.99 ms, found 2 plugins.
Preloading 0 native plugins for Editor in 0.00 ms.
Unloading 2833 Unused Serialized files (Serialized files now loaded: 0)
System memory in use before: 152.8 MB.
System memory in use after: 148.5 MB.

Unloading 36 unused Assets to reduce memory usage. Loaded Objects now: 3504.
Total: 7.024300 ms (FindLiveObjects: 0.354000 ms CreateObjectMapping: 0.080000 ms MarkObjects: 3.373900 ms  DeleteObjects: 3.215200 ms)

AssetImportParameters requested are different than current active one (requested -> active):
  custom:framework-win-MediaFoundation: 216162199b28c13a410421893ffa2e32 -> 
  custom:video-decoder-ogg-theora: a1e56fd34408186e4bbccfd4996cb3dc -> 
  custom:container-muxer-webm: aa71ff27fc2769a1b78a27578f13a17b -> 
  custom:container-demuxer-webm: 4f35f7cbe854078d1ac9338744f61a02 -> 
  custom:container-demuxer-ogg: 62fdf1f143b41e24485cea50d1cbac27 -> 
  custom:video-encoder-webm-vp8: eb34c28f22e8b96e1ab97ce403110664 -> 
  custom:video-decoder-webm-vp8: 9c59270c3fd7afecdb556c50c9e8de78 -> 
  custom:audio-decoder-ogg-vorbis: bf7c407c2cedff20999df2af8eb42d56 -> 
  custom:audio-encoder-webm-vorbis: bf7c407c2cedff20999df2af8eb42d56 -> 
========================================================================
Received Prepare
Registering precompiled user dll's ...
Registered in 0.004861 seconds.
Begin MonoManager ReloadAssembly
Native extension for WindowsStandalone target not found
Refreshing native plugins compatible for Editor in 0.72 ms, found 2 plugins.
Preloading 0 native plugins for Editor in 0.00 ms.
[ScriptCompilation] NOT recompiling all scripts because this is an import worker process. Reason to compile was: Define symbols changed
Mono: successfully reloaded assembly
- Completed reload, in  1.159 seconds
Domain Reload Profiling:
	ReloadAssembly (1160ms)
		BeginReloadAssembly (121ms)
			ExecutionOrderSort (0ms)
			DisableScriptedObjects (5ms)
			BackupInstance (0ms)
			ReleaseScriptingObjects (0ms)
			CreateAndSetChildDomain (37ms)
		EndReloadAssembly (970ms)
			LoadAssemblies (91ms)
			RebuildTransferFunctionScriptingTraits (0ms)
			SetupTypeCache (339ms)
			ReleaseScriptCaches (2ms)
			RebuildScriptCaches (46ms)
			SetupLoadedEditorAssemblies (334ms)
				LogAssemblyErrors (0ms)
				InitializePlatformSupportModulesInManaged (5ms)
				SetLoadedEditorAssemblies (0ms)
				RefreshPlugins (1ms)
				BeforeProcessingInitializeOnLoad (90ms)
				ProcessInitializeOnLoadAttributes (222ms)
				ProcessInitializeOnLoadMethodAttributes (9ms)
				AfterProcessingInitializeOnLoad (7ms)
				EditorAssembliesLoaded (0ms)
			ExecutionOrderSort2 (0ms)
			AwakeInstancesAfterBackupRestoration (18ms)
Platform modules already initialized, skipping
Refreshing native plugins compatible for Editor in 0.90 ms, found 2 plugins.
Preloading 0 native plugins for Editor in 0.00 ms.
Unloading 2833 Unused Serialized files (Serialized files now loaded: 0)
System memory in use before: 152.7 MB.
System memory in use after: 148.5 MB.

Unloading 36 unused Assets to reduce memory usage. Loaded Objects now: 3506.
Total: 7.137900 ms (FindLiveObjects: 0.388100 ms CreateObjectMapping: 0.082800 ms MarkObjects: 3.251100 ms  DeleteObjects: 3.414400 ms)

AssetImportParameters requested are different than current active one (requested -> active):
  custom:framework-win-MediaFoundation: 216162199b28c13a410421893ffa2e32 -> 
  custom:video-decoder-ogg-theora: a1e56fd34408186e4bbccfd4996cb3dc -> 
  custom:container-muxer-webm: aa71ff27fc2769a1b78a27578f13a17b -> 
  custom:container-demuxer-webm: 4f35f7cbe854078d1ac9338744f61a02 -> 
  custom:container-demuxer-ogg: 62fdf1f143b41e24485cea50d1cbac27 -> 
  custom:video-encoder-webm-vp8: eb34c28f22e8b96e1ab97ce403110664 -> 
  custom:video-decoder-webm-vp8: 9c59270c3fd7afecdb556c50c9e8de78 -> 
  custom:audio-decoder-ogg-vorbis: bf7c407c2cedff20999df2af8eb42d56 -> 
  custom:audio-encoder-webm-vorbis: bf7c407c2cedff20999df2af8eb42d56 -> 
AssetImportWorkerClient::OnTransportError - code=2 error=End of file
